<?xml version="1.0" encoding="UTF-8"?>
<testsuites name="Templates" time="925" tests="7" failures="9" errors="0">
   <testsuite name="Templates" tests="7" failures="9" errors="0" time="925" timestamp="2019-03-19 14:38:41" hostname="pshukla - 10.230.81.222" id="Test Suites/Templates">
      <properties>
[...]
</properties>
      <testcase name="Test Cases/Products/TemplateApp/Templates/Email/English/EditContactAutoPausedTemplate" classname="Test Cases/Products/TemplateApp/Templates/Email/English/EditContactAutoPausedTemplate" status="FAILED">
         <failure type="FAILED" message="Test Cases/Products/TemplateApp/Templates/Email/English/EditContactAutoPausedTemplate FAILED.
Reason:
com.kms.katalon.core.exception.StepFailedException: Verify element text of test object 'Object Repository/Products/TemplateApp/Templates/Common/VerifyCommitMessageField' FAILED.
	at com.kms.katalon.core.keyword.internal.KeywordMain.stepFailed(KeywordMain.groovy:48)
	at com.kms.katalon.core.webui.keyword.internal.WebUIKeywordMain.stepFailed(WebUIKeywordMain.groovy:65)
	at com.kms.katalon.core.webui.keyword.internal.WebUIKeywordMain.runKeyword(WebUIKeywordMain.groovy:27)
	at com.kms.katalon.core.webui.keyword.builtin.VerifyElementTextKeyword.verifyElementText(VerifyElementTextKeyword.groovy:72)
	at com.kms.katalon.core.webui.keyword.builtin.VerifyElementTextKeyword.execute(VerifyElementTextKeyword.groovy:40)
	at com.kms.katalon.core.keyword.internal.KeywordExecutor.executeKeywordForPlatform(KeywordExecutor.groovy:56)
	at com.kms.katalon.core.webui.keyword.WebUiBuiltInKeywords.verifyElementText(WebUiBuiltInKeywords.groovy:3663)
	at com.kms.katalon.core.webui.keyword.WebUiBuiltInKeywords$verifyElementText$6.call(Unknown Source)
	at EditContactAutoPausedTemplate.run(EditContactAutoPausedTemplate:81)
	at com.kms.katalon.core.main.ScriptEngine.run(ScriptEngine.java:194)
	at com.kms.katalon.core.main.ScriptEngine.runScriptAsRawText(ScriptEngine.java:119)
	at com.kms.katalon.core.main.TestCaseExecutor.runScript(TestCaseExecutor.java:331)
	at com.kms.katalon.core.main.TestCaseExecutor.doExecute(TestCaseExecutor.java:322)
	at com.kms.katalon.core.main.TestCaseExecutor.processExecutionPhase(TestCaseExecutor.java:301)
	at com.kms.katalon.core.main.TestCaseExecutor.accessMainPhase(TestCaseExecutor.java:293)
	at com.kms.katalon.core.main.TestCaseExecutor.execute(TestCaseExecutor.java:227)
	at com.kms.katalon.core.main.TestSuiteExecutor.accessTestCaseMainPhase(TestSuiteExecutor.java:129)
	at com.kms.katalon.core.main.TestSuiteExecutor.accessTestSuiteMainPhase(TestSuiteExecutor.java:112)
	at com.kms.katalon.core.main.TestSuiteExecutor.execute(TestSuiteExecutor.java:81)
	at com.kms.katalon.core.main.TestCaseMain.startTestSuite(TestCaseMain.java:157)
	at com.kms.katalon.core.main.TestCaseMain$startTestSuite$0.call(Unknown Source)
	at TempTestSuite1553031519664.run(TempTestSuite1553031519664.groovy:35)
"/>
         <system-out><![CDATA[2019-03-19 14:38:41 - [TEST_CASE][FAILED] - Test Cases/Products/TemplateApp/Templates/Email/English/EditContactAutoPausedTemplate: Test Cases/Products/TemplateApp/Templates/Email/English/EditContactAutoPausedTemplate FAILED.
Reason:
com.kms.katalon.core.exception.StepFailedException: Verify element text of test object 'Object Repository/Products/TemplateApp/Templates/Common/VerifyCommitMessageField' FAILED.
	at com.kms.katalon.core.keyword.internal.KeywordMain.stepFailed(KeywordMain.groovy:48)
	at com.kms.katalon.core.webui.keyword.internal.WebUIKeywordMain.stepFailed(WebUIKeywordMain.groovy:65)
	at com.kms.katalon.core.webui.keyword.internal.WebUIKeywordMain.runKeyword(WebUIKeywordMain.groovy:27)
	at com.kms.katalon.core.webui.keyword.builtin.VerifyElementTextKeyword.verifyElementText(VerifyElementTextKeyword.groovy:72)
	at com.kms.katalon.core.webui.keyword.builtin.VerifyElementTextKeyword.execute(VerifyElementTextKeyword.groovy:40)
	at com.kms.katalon.core.keyword.internal.KeywordExecutor.executeKeywordForPlatform(KeywordExecutor.groovy:56)
	at com.kms.katalon.core.webui.keyword.WebUiBuiltInKeywords.verifyElementText(WebUiBuiltInKeywords.groovy:3663)
	at com.kms.katalon.core.webui.keyword.WebUiBuiltInKeywords$verifyElementText$6.call(Unknown Source)
	at EditContactAutoPausedTemplate.run(EditContactAutoPausedTemplate:81)
	at com.kms.katalon.core.main.ScriptEngine.run(ScriptEngine.java:194)
	at com.kms.katalon.core.main.ScriptEngine.runScriptAsRawText(ScriptEngine.java:119)
	at com.kms.katalon.core.main.TestCaseExecutor.runScript(TestCaseExecutor.java:331)
	at com.kms.katalon.core.main.TestCaseExecutor.doExecute(TestCaseExecutor.java:322)
	at com.kms.katalon.core.main.TestCaseExecutor.processExecutionPhase(TestCaseExecutor.java:301)
	at com.kms.katalon.core.main.TestCaseExecutor.accessMainPhase(TestCaseExecutor.java:293)
	at com.kms.katalon.core.main.TestCaseExecutor.execute(TestCaseExecutor.java:227)
	at com.kms.katalon.core.main.TestSuiteExecutor.accessTestCaseMainPhase(TestSuiteExecutor.java:129)
	at com.kms.katalon.core.main.TestSuiteExecutor.accessTestSuiteMainPhase(TestSuiteExecutor.java:112)
	at com.kms.katalon.core.main.TestSuiteExecutor.execute(TestSuiteExecutor.java:81)
	at com.kms.katalon.core.main.TestCaseMain.startTestSuite(TestCaseMain.java:157)
	at com.kms.katalon.core.main.TestCaseMain$startTestSuite$0.call(Unknown Source)
	at TempTestSuite1553031519664.run(TempTestSuite1553031519664.groovy:35)


2019-03-19 14:38:41 - [TEST_STEP][PASSED] - log = new com.kms.katalon.core.logging.KeywordLogger(): null

2019-03-19 14:38:41 - [TEST_STEP][PASSED] - TextValue = tools.TestDataGenerator.getRandomParagraphs(2, 5): tools.TestDataGenerator.getRandomParagraphs is PASSED

2019-03-19 14:38:41 - [MESSAGE][PASSED] - tools.TestDataGenerator.getRandomParagraphs is PASSED

2019-03-19 14:38:41 - [TEST_STEP][PASSED] - log.logInfo(TextValue): Sagittisalia dolorum pri pertinax cetero eos.  Doloremurbanitas graecis libris accommodare causae quem qui gloriatur congue vocibus appetere.  
Consequatvoluptaria proin constituto pretium justo sea dolor eros fames qui postea nihil movet arcu eloquentiam.  Alienumdicit tation velit sociis porro doctus.  Constituamiusto signiferumque nostrum posse vocent vestibulum finibus legimus vis molestiae aliquid ut movet non fabellas.  Interdumhabeo finibus vituperatoribus habeo similique necessitatibus tempor nonumes appareat ridiculus eam mauris antiopam mediocrem duis deseruisse accommodare.  Nemorbi laoreet partiendo neglegentur quis impetus ceteros possim atqui noster perpetua porta deseruisse aliquip.  
Scelerisquemalorum accusata iisque pro eius malesuada prodesset.  Tantasomittantur nisi veri aeque tota contentiones taciti rhoncus lacinia utamur error maximus enim utroque has dignissim natoque moderatius.  Donecvivamus finibus dicta laudem equidem sapien ludus iaculis mea convenire justo mandamus usu sit habitasse mi suscipiantur porttitor.  Inimicuseruditi malesuada signiferumque porta.  
Imperdietmalorum aliquid possit efficiantur.  Mutatoporteat mentitum alienum harum his ponderum imperdiet simul venenatis.  Dolorescurabitur eu.  Oratiovim placerat sumo maecenas morbi.  Dicitputent simul civibus falli detraxit inani populo contentiones accusata oratio.

2019-03-19 14:38:41 - [MESSAGE][INFO] - Sagittisalia dolorum pri pertinax cetero eos.  Doloremurbanitas graecis libris accommodare causae quem qui gloriatur congue vocibus appetere.  
Consequatvoluptaria proin constituto pretium justo sea dolor eros fames qui postea nihil movet arcu eloquentiam.  Alienumdicit tation velit sociis porro doctus.  Constituamiusto signiferumque nostrum posse vocent vestibulum finibus legimus vis molestiae aliquid ut movet non fabellas.  Interdumhabeo finibus vituperatoribus habeo similique necessitatibus tempor nonumes appareat ridiculus eam mauris antiopam mediocrem duis deseruisse accommodare.  Nemorbi laoreet partiendo neglegentur quis impetus ceteros possim atqui noster perpetua porta deseruisse aliquip.  
Scelerisquemalorum accusata iisque pro eius malesuada prodesset.  Tantasomittantur nisi veri aeque tota contentiones taciti rhoncus lacinia utamur error maximus enim utroque has dignissim natoque moderatius.  Donecvivamus finibus dicta laudem equidem sapien ludus iaculis mea convenire justo mandamus usu sit habitasse mi suscipiantur porttitor.  Inimicuseruditi malesuada signiferumque porta.  
Imperdietmalorum aliquid possit efficiantur.  Mutatoporteat mentitum alienum harum his ponderum imperdiet simul venenatis.  Dolorescurabitur eu.  Oratiovim placerat sumo maecenas morbi.  Dicitputent simul civibus falli detraxit inani populo contentiones accusata oratio.

2019-03-19 14:38:41 - [TEST_STEP][PASSED] - commitNumber = tools.TestDataGenerator.getRandomWords(2, 2): tools.TestDataGenerator.getRandomWords is PASSED

2019-03-19 14:38:41 - [MESSAGE][PASSED] - tools.TestDataGenerator.getRandomWords is PASSED

2019-03-19 14:38:41 - [TEST_STEP][PASSED] - log.logInfo(commitNumber): conubia mandamus

2019-03-19 14:38:41 - [MESSAGE][INFO] - conubia mandamus

2019-03-19 14:38:41 - [TEST_STEP][PASSED] - callTestCase(findTestCase("Products/Cerberus/Login-Logout/TemplateLoginNCQATestUtility"), [:], STOP_ON_FAILURE): Call Test Case 'Test Cases/Products/Cerberus/Login-Logout/TemplateLoginNCQATestUtility' successfully

2019-03-19 14:38:41 - [TEST_CASE][PASSED] - Test Cases/Products/Cerberus/Login-Logout/TemplateLoginNCQATestUtility: Test Cases/Products/Cerberus/Login-Logout/TemplateLoginNCQATestUtility

2019-03-19 14:38:41 - [TEST_STEP][PASSED] - log = new com.kms.katalon.core.logging.KeywordLogger(): null

2019-03-19 14:38:41 - [TEST_STEP][PASSED] - comment("Open browser and Login"): Open browser and Login

2019-03-19 14:38:41 - [MESSAGE][INFO] - Open browser and Login

2019-03-19 14:38:41 - [TEST_STEP][PASSED] - openBrowser(G_DefaultSiteURL): Browser is opened with url: 'https://dev.kubra.io'

2019-03-19 14:38:42 - [MESSAGE][INFO] - Starting 'Firefox' driver

2019-03-19 14:38:42 - [MESSAGE][INFO] - Action delay is set to 0 seconds

2019-03-19 14:38:46 - [MESSAGE][PASSED] - Browser is opened with url: 'https://dev.kubra.io'

2019-03-19 14:38:46 - [TEST_STEP][PASSED] - waitForPageLoad(G_ShortTimeout): Wait for page load successfully

2019-03-19 14:38:46 - [MESSAGE][PASSED] - Wait for page load successfully

2019-03-19 14:38:46 - [TEST_STEP][PASSED] - maximizeWindow(): Current window maximized

2019-03-19 14:38:47 - [MESSAGE][PASSED] - Current window maximized

2019-03-19 14:38:47 - [TEST_STEP][PASSED] - log.logWarning("--- Begin Login ---"): --- Begin Login ---

2019-03-19 14:38:47 - [MESSAGE][WARNING] - --- Begin Login ---

2019-03-19 14:38:47 - [TEST_STEP][PASSED] - log.logWarning("Logging in to environment - " + G_DefaultSiteURL): Logging in to environment - https://dev.kubra.io

2019-03-19 14:38:47 - [MESSAGE][WARNING] - Logging in to environment - https://dev.kubra.io

2019-03-19 14:38:47 - [TEST_STEP][PASSED] - waitForElementClickable(findTestObject("Products/Cerberus/LoginLogout/LogInWithGoogle"), 15): Object 'Object Repository/Products/Cerberus/LoginLogout/LogInWithGoogle' is clickable

2019-03-19 14:38:47 - [MESSAGE][PASSED] - Object 'Object Repository/Products/Cerberus/LoginLogout/LogInWithGoogle' is clickable

2019-03-19 14:38:47 - [TEST_STEP][PASSED] - delay(2): Delayed 2 second(s)

2019-03-19 14:38:49 - [MESSAGE][PASSED] - Delayed 2 second(s)

2019-03-19 14:38:49 - [TEST_STEP][PASSED] - click(findTestObject("Products/Cerberus/LoginLogout/LogInWithGoogle")): Object: 'Object Repository/Products/Cerberus/LoginLogout/LogInWithGoogle' is clicked on

2019-03-19 14:38:50 - [MESSAGE][PASSED] - Object: 'Object Repository/Products/Cerberus/LoginLogout/LogInWithGoogle' is clicked on

2019-03-19 14:38:50 - [TEST_STEP][PASSED] - waitForElementVisible(findTestObject("Products/Cerberus/LoginLogout/UserName"), 15): Object 'Object Repository/Products/Cerberus/LoginLogout/UserName' is visible

2019-03-19 14:38:51 - [MESSAGE][PASSED] - Object 'Object Repository/Products/Cerberus/LoginLogout/UserName' is visible

2019-03-19 14:38:51 - [TEST_STEP][PASSED] - setMaskedText(findTestObject("Products/Cerberus/LoginLogout/UserName"), "tempeqa@kubra.com"): Text '*****************' is set on object 'Object Repository/Products/Cerberus/LoginLogout/UserName'

2019-03-19 14:38:51 - [MESSAGE][PASSED] - Text '*****************' is set on object 'Object Repository/Products/Cerberus/LoginLogout/UserName'

2019-03-19 14:38:51 - [TEST_STEP][PASSED] - waitForElementVisible(findTestObject("Products/Cerberus/LoginLogout/UserNameNextButton"), 15): Object 'Object Repository/Products/Cerberus/LoginLogout/UserNameNextButton' is visible

2019-03-19 14:38:51 - [MESSAGE][PASSED] - Object 'Object Repository/Products/Cerberus/LoginLogout/UserNameNextButton' is visible

2019-03-19 14:38:51 - [TEST_STEP][PASSED] - click(findTestObject("Products/Cerberus/LoginLogout/UserNameNextButton")): Object: 'Object Repository/Products/Cerberus/LoginLogout/UserNameNextButton' is clicked on

2019-03-19 14:38:51 - [MESSAGE][PASSED] - Object: 'Object Repository/Products/Cerberus/LoginLogout/UserNameNextButton' is clicked on

2019-03-19 14:38:51 - [TEST_STEP][PASSED] - waitForElementVisible(findTestObject("Products/Cerberus/LoginLogout/Password"), 15): Object 'Object Repository/Products/Cerberus/LoginLogout/Password' is visible

2019-03-19 14:38:52 - [MESSAGE][PASSED] - Object 'Object Repository/Products/Cerberus/LoginLogout/Password' is visible

2019-03-19 14:38:52 - [TEST_STEP][PASSED] - setMaskedText(findTestObject("Products/Cerberus/LoginLogout/Password"), "qAisgr8!@"): Text '*********' is set on object 'Object Repository/Products/Cerberus/LoginLogout/Password'

2019-03-19 14:38:53 - [MESSAGE][PASSED] - Text '*********' is set on object 'Object Repository/Products/Cerberus/LoginLogout/Password'

2019-03-19 14:38:53 - [TEST_STEP][PASSED] - waitForElementClickable(findTestObject("Products/Cerberus/LoginLogout/PasswordNextButton"), 15): Object 'Object Repository/Products/Cerberus/LoginLogout/PasswordNextButton' is clickable

2019-03-19 14:38:53 - [MESSAGE][PASSED] - Object 'Object Repository/Products/Cerberus/LoginLogout/PasswordNextButton' is clickable

2019-03-19 14:38:53 - [TEST_STEP][PASSED] - click(findTestObject("Products/Cerberus/LoginLogout/PasswordNextButton")): Object: 'Object Repository/Products/Cerberus/LoginLogout/PasswordNextButton' is clicked on

2019-03-19 14:38:56 - [MESSAGE][PASSED] - Object: 'Object Repository/Products/Cerberus/LoginLogout/PasswordNextButton' is clicked on

2019-03-19 14:38:56 - [TEST_STEP][PASSED] - delay(5): Delayed 5 second(s)

2019-03-19 14:39:01 - [MESSAGE][PASSED] - Delayed 5 second(s)

2019-03-19 14:39:01 - [TEST_STEP][PASSED] - waitForElementClickable(findTestObject("Products/Cerberus/LoginLogout/TenantQATestUtilityCompany"), 15): Object 'Object Repository/Products/Cerberus/LoginLogout/TenantQATestUtilityCompany' is clickable

2019-03-19 14:39:01 - [MESSAGE][PASSED] - Object 'Object Repository/Products/Cerberus/LoginLogout/TenantQATestUtilityCompany' is clickable

2019-03-19 14:39:01 - [TEST_STEP][PASSED] - click(findTestObject("Products/Cerberus/LoginLogout/TenantQATestUtilityCompany")): Object: 'Object Repository/Products/Cerberus/LoginLogout/TenantQATestUtilityCompany' is clicked on

2019-03-19 14:39:01 - [MESSAGE][PASSED] - Object: 'Object Repository/Products/Cerberus/LoginLogout/TenantQATestUtilityCompany' is clicked on

2019-03-19 14:39:01 - [TEST_STEP][PASSED] - verifyElementText(findTestObject("Products/Cerberus/LoginLogout/TenantQATestUtilityCompany"), "QA Test Utility Company"): Actual text and expected text of test object 'Object Repository/Products/Cerberus/LoginLogout/TenantQATestUtilityCompany' are matched.

2019-03-19 14:39:01 - [MESSAGE][PASSED] - Actual text and expected text of test object 'Object Repository/Products/Cerberus/LoginLogout/TenantQATestUtilityCompany' are matched.

2019-03-19 14:39:01 - [TEST_STEP][PASSED] - waitForElementClickable(findTestObject("Products/Cerberus/LoginLogout/TenantSubmitButton"), 15): Object 'Object Repository/Products/Cerberus/LoginLogout/TenantSubmitButton' is clickable

2019-03-19 14:39:01 - [MESSAGE][PASSED] - Object 'Object Repository/Products/Cerberus/LoginLogout/TenantSubmitButton' is clickable

2019-03-19 14:39:01 - [TEST_STEP][PASSED] - click(findTestObject("Products/Cerberus/LoginLogout/TenantSubmitButton")): Object: 'Object Repository/Products/Cerberus/LoginLogout/TenantSubmitButton' is clicked on

2019-03-19 14:39:01 - [MESSAGE][PASSED] - Object: 'Object Repository/Products/Cerberus/LoginLogout/TenantSubmitButton' is clicked on

2019-03-19 14:39:01 - [TEST_STEP][PASSED] - waitForElementClickable(findTestObject("Products/Cerberus/LoginLogout/ChooseApp-Templates"), 15): Object 'Object Repository/Products/Cerberus/LoginLogout/ChooseApp-Templates' is clickable

2019-03-19 14:39:01 - [MESSAGE][PASSED] - Object 'Object Repository/Products/Cerberus/LoginLogout/ChooseApp-Templates' is clickable

2019-03-19 14:39:01 - [TEST_STEP][PASSED] - click(findTestObject("Products/Cerberus/LoginLogout/ChooseApp-Templates")): Object: 'Object Repository/Products/Cerberus/LoginLogout/ChooseApp-Templates' is clicked on

2019-03-19 14:39:01 - [MESSAGE][PASSED] - Object: 'Object Repository/Products/Cerberus/LoginLogout/ChooseApp-Templates' is clicked on

2019-03-19 14:39:01 - [TEST_STEP][PASSED] - waitForElementClickable(findTestObject("Products/Cerberus/LoginLogout/SubmitButton_ChooseApp"), 15): Object 'Object Repository/Products/Cerberus/LoginLogout/SubmitButton_ChooseApp' is clickable

2019-03-19 14:39:01 - [MESSAGE][PASSED] - Object 'Object Repository/Products/Cerberus/LoginLogout/SubmitButton_ChooseApp' is clickable

2019-03-19 14:39:01 - [TEST_STEP][PASSED] - click(findTestObject("Products/Cerberus/LoginLogout/SubmitButton_ChooseApp")): Object: 'Object Repository/Products/Cerberus/LoginLogout/SubmitButton_ChooseApp' is clicked on

2019-03-19 14:39:03 - [MESSAGE][PASSED] - Object: 'Object Repository/Products/Cerberus/LoginLogout/SubmitButton_ChooseApp' is clicked on

2019-03-19 14:39:03 - [TEST_STEP][PASSED] - delay(1): Delayed 1 second(s)

2019-03-19 14:39:04 - [MESSAGE][PASSED] - Delayed 1 second(s)

2019-03-19 14:39:04 - [TEST_STEP][PASSED] - verifyTextPresent("Latest Activity", false): Text 'Latest Activity' is present on page 

2019-03-19 14:39:04 - [MESSAGE][PASSED] - Text 'Latest Activity' is present on page 

2019-03-19 14:39:04 - [TEST_STEP][PASSED] - log.logWarning("--- End Login ---"): --- End Login ---

2019-03-19 14:39:04 - [MESSAGE][WARNING] - --- End Login ---

2019-03-19 14:39:04 - [MESSAGE][PASSED] - Call Test Case 'Test Cases/Products/Cerberus/Login-Logout/TemplateLoginNCQATestUtility' successfully

2019-03-19 14:39:04 - [TEST_STEP][PASSED] - delay(4): Delayed 4 second(s)

2019-03-19 14:39:08 - [MESSAGE][PASSED] - Delayed 4 second(s)

2019-03-19 14:39:08 - [TEST_STEP][PASSED] - driver = getWebDriver(): null

2019-03-19 14:39:08 - [TEST_STEP][PASSED] - click(findTestObject("Products/TemplateApp/Templates/Common/SelectTemplates")): Object: 'Object Repository/Products/TemplateApp/Templates/Common/SelectTemplates' is clicked on

2019-03-19 14:39:08 - [MESSAGE][PASSED] - Object: 'Object Repository/Products/TemplateApp/Templates/Common/SelectTemplates' is clicked on

2019-03-19 14:39:08 - [TEST_STEP][PASSED] - delay(2): Delayed 2 second(s)

2019-03-19 14:39:10 - [MESSAGE][PASSED] - Delayed 2 second(s)

2019-03-19 14:39:10 - [TEST_STEP][PASSED] - click(findTestObject("Products/TemplateApp/SelectEnvironment/DownCaret")): Object: 'Object Repository/Products/TemplateApp/SelectEnvironment/DownCaret' is clicked on

2019-03-19 14:39:10 - [MESSAGE][PASSED] - Object: 'Object Repository/Products/TemplateApp/SelectEnvironment/DownCaret' is clicked on

2019-03-19 14:39:10 - [TEST_STEP][PASSED] - click(findTestObject("Products/TemplateApp/SelectEnvironment/SelectEnvironmentDevelop")): Object: 'Object Repository/Products/TemplateApp/SelectEnvironment/SelectEnvironmentDevelop' is clicked on

2019-03-19 14:39:10 - [MESSAGE][PASSED] - Object: 'Object Repository/Products/TemplateApp/SelectEnvironment/SelectEnvironmentDevelop' is clicked on

2019-03-19 14:39:10 - [TEST_STEP][PASSED] - delay(2): Delayed 2 second(s)

2019-03-19 14:39:12 - [MESSAGE][PASSED] - Delayed 2 second(s)

2019-03-19 14:39:12 - [TEST_STEP][PASSED] - click(findTestObject("Products/TemplateApp/Templates/Email/SelectEmail")): Object: 'Object Repository/Products/TemplateApp/Templates/Email/SelectEmail' is clicked on

2019-03-19 14:39:13 - [MESSAGE][PASSED] - Object: 'Object Repository/Products/TemplateApp/Templates/Email/SelectEmail' is clicked on

2019-03-19 14:39:13 - [TEST_STEP][PASSED] - click(findTestObject("Products/TemplateApp/Templates/Email/ContactAutoPausedForm")): Object: 'Object Repository/Products/TemplateApp/Templates/Email/ContactAutoPausedForm' is clicked on

2019-03-19 14:39:13 - [MESSAGE][PASSED] - Object: 'Object Repository/Products/TemplateApp/Templates/Email/ContactAutoPausedForm' is clicked on

2019-03-19 14:39:13 - [TEST_STEP][PASSED] - delay(4): Delayed 4 second(s)

2019-03-19 14:39:17 - [MESSAGE][PASSED] - Delayed 4 second(s)

2019-03-19 14:39:17 - [TEST_STEP][PASSED] - click(findTestObject("Products/TemplateApp/Templates/Common/SelectTextareaSpan")): Object: 'Object Repository/Products/TemplateApp/Templates/Common/SelectTextareaSpan' is clicked on

2019-03-19 14:39:17 - [MESSAGE][PASSED] - Object: 'Object Repository/Products/TemplateApp/Templates/Common/SelectTextareaSpan' is clicked on

2019-03-19 14:39:17 - [TEST_STEP][PASSED] - doubleClick(findTestObject("Products/TemplateApp/Templates/Common/SelectTextareaSpan")): Object: 'Object Repository/Products/TemplateApp/Templates/Common/SelectTextareaSpan' is double clicked on

2019-03-19 14:39:17 - [MESSAGE][PASSED] - Object: 'Object Repository/Products/TemplateApp/Templates/Common/SelectTextareaSpan' is double clicked on

2019-03-19 14:39:17 - [TEST_STEP][PASSED] - sendKeys(findTestObject("Products/TemplateApp/Templates/Common/Textarea"), Keys.chord(DELETE)): Keys 'DELETE + ' sent to object: 'Object Repository/Products/TemplateApp/Templates/Common/Textarea'

2019-03-19 14:39:17 - [MESSAGE][PASSED] - Keys 'DELETE + ' sent to object: 'Object Repository/Products/TemplateApp/Templates/Common/Textarea'

2019-03-19 14:39:17 - [TEST_STEP][PASSED] - tools.WebUICustomKeywords.enterUsingJS(findTestObject("Products/TemplateApp/Templates/Common/Textarea"), 10): tools.WebUICustomKeywords.enterUsingJS is PASSED

2019-03-19 14:39:17 - [MESSAGE][PASSED] - tools.WebUICustomKeywords.enterUsingJS is PASSED

2019-03-19 14:39:17 - [TEST_STEP][PASSED] - delay(4): Delayed 4 second(s)

2019-03-19 14:39:21 - [MESSAGE][PASSED] - Delayed 4 second(s)

2019-03-19 14:39:21 - [TEST_STEP][PASSED] - setText(findTestObject("Products/TemplateApp/Templates/Common/CommitMessageField"), commitNumber): Text 'conubia mandamus' is set on object 'Object Repository/Products/TemplateApp/Templates/Common/CommitMessageField'

2019-03-19 14:39:22 - [MESSAGE][PASSED] - Text 'conubia mandamus' is set on object 'Object Repository/Products/TemplateApp/Templates/Common/CommitMessageField'

2019-03-19 14:39:22 - [TEST_STEP][PASSED] - click(findTestObject("Products/TemplateApp/Templates/Common/SaveButton")): Object: 'Object Repository/Products/TemplateApp/Templates/Common/SaveButton' is clicked on

2019-03-19 14:39:22 - [MESSAGE][PASSED] - Object: 'Object Repository/Products/TemplateApp/Templates/Common/SaveButton' is clicked on

2019-03-19 14:39:22 - [TEST_STEP][PASSED] - click(findTestObject("Products/TemplateApp/Templates/Email/ContactAutoPausedForm")): Object: 'Object Repository/Products/TemplateApp/Templates/Email/ContactAutoPausedForm' is clicked on

2019-03-19 14:39:25 - [MESSAGE][PASSED] - Object: 'Object Repository/Products/TemplateApp/Templates/Email/ContactAutoPausedForm' is clicked on

2019-03-19 14:39:25 - [TEST_STEP][PASSED] - click(findTestObject("Products/TemplateApp/Templates/Common/SelectHistory")): Object: 'Object Repository/Products/TemplateApp/Templates/Common/SelectHistory' is clicked on

2019-03-19 14:39:26 - [MESSAGE][PASSED] - Object: 'Object Repository/Products/TemplateApp/Templates/Common/SelectHistory' is clicked on

2019-03-19 14:39:26 - [TEST_STEP][PASSED] - click(findTestObject("Products/TemplateApp/Templates/Common/ExpandHistory")): Object: 'Object Repository/Products/TemplateApp/Templates/Common/ExpandHistory' is clicked on

2019-03-19 14:39:27 - [MESSAGE][PASSED] - Object: 'Object Repository/Products/TemplateApp/Templates/Common/ExpandHistory' is clicked on

2019-03-19 14:39:27 - [TEST_STEP][PASSED] - delay(4): Delayed 4 second(s)

2019-03-19 14:39:31 - [MESSAGE][PASSED] - Delayed 4 second(s)

2019-03-19 14:39:31 - [TEST_STEP][PASSED] - getText(findTestObject("Products/TemplateApp/Templates/Common/VerifyCommitMessageField")): Text of object 'Object Repository/Products/TemplateApp/Templates/Common/VerifyCommitMessageField' is: 'nascetur impetus'

2019-03-19 14:39:31 - [MESSAGE][PASSED] - Text of object 'Object Repository/Products/TemplateApp/Templates/Common/VerifyCommitMessageField' is: 'nascetur impetus'

2019-03-19 14:39:31 - [TEST_STEP][FAILED] - verifyElementText(findTestObject("Products/TemplateApp/Templates/Common/VerifyCommitMessageField"), commitNumber): verifyElementText(findTestObject("Products/TemplateApp/Templates/Common/VerifyCommitMessageField"), commitNumber) FAILED.
Reason:
com.kms.katalon.core.exception.StepFailedException: Verify element text of test object 'Object Repository/Products/TemplateApp/Templates/Common/VerifyCommitMessageField' FAILED.
	at com.kms.katalon.core.keyword.internal.KeywordMain.stepFailed(KeywordMain.groovy:48)
	at com.kms.katalon.core.webui.keyword.internal.WebUIKeywordMain.stepFailed(WebUIKeywordMain.groovy:65)
	at com.kms.katalon.core.webui.keyword.internal.WebUIKeywordMain.runKeyword(WebUIKeywordMain.groovy:27)
	at com.kms.katalon.core.webui.keyword.builtin.VerifyElementTextKeyword.verifyElementText(VerifyElementTextKeyword.groovy:72)
	at com.kms.katalon.core.webui.keyword.builtin.VerifyElementTextKeyword.execute(VerifyElementTextKeyword.groovy:40)
	at com.kms.katalon.core.keyword.internal.KeywordExecutor.executeKeywordForPlatform(KeywordExecutor.groovy:56)
	at com.kms.katalon.core.webui.keyword.WebUiBuiltInKeywords.verifyElementText(WebUiBuiltInKeywords.groovy:3663)
	at com.kms.katalon.core.webui.keyword.WebUiBuiltInKeywords$verifyElementText$6.call(Unknown Source)
	at EditContactAutoPausedTemplate.run(EditContactAutoPausedTemplate:81)
	at com.kms.katalon.core.main.ScriptEngine.run(ScriptEngine.java:194)
	at com.kms.katalon.core.main.ScriptEngine.runScriptAsRawText(ScriptEngine.java:119)
	at com.kms.katalon.core.main.TestCaseExecutor.runScript(TestCaseExecutor.java:331)
	at com.kms.katalon.core.main.TestCaseExecutor.doExecute(TestCaseExecutor.java:322)
	at com.kms.katalon.core.main.TestCaseExecutor.processExecutionPhase(TestCaseExecutor.java:301)
	at com.kms.katalon.core.main.TestCaseExecutor.accessMainPhase(TestCaseExecutor.java:293)
	at com.kms.katalon.core.main.TestCaseExecutor.execute(TestCaseExecutor.java:227)
	at com.kms.katalon.core.main.TestSuiteExecutor.accessTestCaseMainPhase(TestSuiteExecutor.java:129)
	at com.kms.katalon.core.main.TestSuiteExecutor.accessTestSuiteMainPhase(TestSuiteExecutor.java:112)
	at com.kms.katalon.core.main.TestSuiteExecutor.execute(TestSuiteExecutor.java:81)
	at com.kms.katalon.core.main.TestCaseMain.startTestSuite(TestCaseMain.java:157)
	at com.kms.katalon.core.main.TestCaseMain$startTestSuite$0.call(Unknown Source)
	at TempTestSuite1553031519664.run(TempTestSuite1553031519664.groovy:35)


2019-03-19 14:39:31 - [MESSAGE][FAILED] - Actual text 'nascetur impetus' and expected text 'conubia mandamus' of test object 'Object Repository/Products/TemplateApp/Templates/Common/VerifyCommitMessageField' are NOT matched.
[[ATTACHMENT|/Users/pshukla/Documents/Katalon Studio/qa-templates/Reports/Templates/20190319_143829/1553031571184.png]]

2019-03-19 14:39:31 - [MESSAGE][FAILED] - Verify element text of test object 'Object Repository/Products/TemplateApp/Templates/Common/VerifyCommitMessageField' FAILED.
[[ATTACHMENT|/Users/pshukla/Documents/Katalon Studio/qa-templates/Reports/Templates/20190319_143829/1553031571365.png]]

2019-03-19 14:39:31 - [MESSAGE][FAILED] - verifyElementText(findTestObject("Products/TemplateApp/Templates/Common/VerifyCommitMessageField"), commitNumber) FAILED.
Reason:
com.kms.katalon.core.exception.StepFailedException: Verify element text of test object 'Object Repository/Products/TemplateApp/Templates/Common/VerifyCommitMessageField' FAILED.
	at com.kms.katalon.core.keyword.internal.KeywordMain.stepFailed(KeywordMain.groovy:48)
	at com.kms.katalon.core.webui.keyword.internal.WebUIKeywordMain.stepFailed(WebUIKeywordMain.groovy:65)
	at com.kms.katalon.core.webui.keyword.internal.WebUIKeywordMain.runKeyword(WebUIKeywordMain.groovy:27)
	at com.kms.katalon.core.webui.keyword.builtin.VerifyElementTextKeyword.verifyElementText(VerifyElementTextKeyword.groovy:72)
	at com.kms.katalon.core.webui.keyword.builtin.VerifyElementTextKeyword.execute(VerifyElementTextKeyword.groovy:40)
	at com.kms.katalon.core.keyword.internal.KeywordExecutor.executeKeywordForPlatform(KeywordExecutor.groovy:56)
	at com.kms.katalon.core.webui.keyword.WebUiBuiltInKeywords.verifyElementText(WebUiBuiltInKeywords.groovy:3663)
	at com.kms.katalon.core.webui.keyword.WebUiBuiltInKeywords$verifyElementText$6.call(Unknown Source)
	at EditContactAutoPausedTemplate.run(EditContactAutoPausedTemplate:81)
	at com.kms.katalon.core.main.ScriptEngine.run(ScriptEngine.java:194)
	at com.kms.katalon.core.main.ScriptEngine.runScriptAsRawText(ScriptEngine.java:119)
	at com.kms.katalon.core.main.TestCaseExecutor.runScript(TestCaseExecutor.java:331)
	at com.kms.katalon.core.main.TestCaseExecutor.doExecute(TestCaseExecutor.java:322)
	at com.kms.katalon.core.main.TestCaseExecutor.processExecutionPhase(TestCaseExecutor.java:301)
	at com.kms.katalon.core.main.TestCaseExecutor.accessMainPhase(TestCaseExecutor.java:293)
	at com.kms.katalon.core.main.TestCaseExecutor.execute(TestCaseExecutor.java:227)
	at com.kms.katalon.core.main.TestSuiteExecutor.accessTestCaseMainPhase(TestSuiteExecutor.java:129)
	at com.kms.katalon.core.main.TestSuiteExecutor.accessTestSuiteMainPhase(TestSuiteExecutor.java:112)
	at com.kms.katalon.core.main.TestSuiteExecutor.execute(TestSuiteExecutor.java:81)
	at com.kms.katalon.core.main.TestCaseMain.startTestSuite(TestCaseMain.java:157)
	at com.kms.katalon.core.main.TestCaseMain$startTestSuite$0.call(Unknown Source)
	at TempTestSuite1553031519664.run(TempTestSuite1553031519664.groovy:35)]]></system-out>
         <system-err><![CDATA[2019-03-19 14:38:41 - [TEST_CASE][FAILED] - Test Cases/Products/TemplateApp/Templates/Email/English/EditContactAutoPausedTemplate: Test Cases/Products/TemplateApp/Templates/Email/English/EditContactAutoPausedTemplate FAILED.
Reason:
com.kms.katalon.core.exception.StepFailedException: Verify element text of test object 'Object Repository/Products/TemplateApp/Templates/Common/VerifyCommitMessageField' FAILED.
	at com.kms.katalon.core.keyword.internal.KeywordMain.stepFailed(KeywordMain.groovy:48)
	at com.kms.katalon.core.webui.keyword.internal.WebUIKeywordMain.stepFailed(WebUIKeywordMain.groovy:65)
	at com.kms.katalon.core.webui.keyword.internal.WebUIKeywordMain.runKeyword(WebUIKeywordMain.groovy:27)
	at com.kms.katalon.core.webui.keyword.builtin.VerifyElementTextKeyword.verifyElementText(VerifyElementTextKeyword.groovy:72)
	at com.kms.katalon.core.webui.keyword.builtin.VerifyElementTextKeyword.execute(VerifyElementTextKeyword.groovy:40)
	at com.kms.katalon.core.keyword.internal.KeywordExecutor.executeKeywordForPlatform(KeywordExecutor.groovy:56)
	at com.kms.katalon.core.webui.keyword.WebUiBuiltInKeywords.verifyElementText(WebUiBuiltInKeywords.groovy:3663)
	at com.kms.katalon.core.webui.keyword.WebUiBuiltInKeywords$verifyElementText$6.call(Unknown Source)
	at EditContactAutoPausedTemplate.run(EditContactAutoPausedTemplate:81)
	at com.kms.katalon.core.main.ScriptEngine.run(ScriptEngine.java:194)
	at com.kms.katalon.core.main.ScriptEngine.runScriptAsRawText(ScriptEngine.java:119)
	at com.kms.katalon.core.main.TestCaseExecutor.runScript(TestCaseExecutor.java:331)
	at com.kms.katalon.core.main.TestCaseExecutor.doExecute(TestCaseExecutor.java:322)
	at com.kms.katalon.core.main.TestCaseExecutor.processExecutionPhase(TestCaseExecutor.java:301)
	at com.kms.katalon.core.main.TestCaseExecutor.accessMainPhase(TestCaseExecutor.java:293)
	at com.kms.katalon.core.main.TestCaseExecutor.execute(TestCaseExecutor.java:227)
	at com.kms.katalon.core.main.TestSuiteExecutor.accessTestCaseMainPhase(TestSuiteExecutor.java:129)
	at com.kms.katalon.core.main.TestSuiteExecutor.accessTestSuiteMainPhase(TestSuiteExecutor.java:112)
	at com.kms.katalon.core.main.TestSuiteExecutor.execute(TestSuiteExecutor.java:81)
	at com.kms.katalon.core.main.TestCaseMain.startTestSuite(TestCaseMain.java:157)
	at com.kms.katalon.core.main.TestCaseMain$startTestSuite$0.call(Unknown Source)
	at TempTestSuite1553031519664.run(TempTestSuite1553031519664.groovy:35)]]></system-err>
      </testcase>
      <testcase name="Test Cases/Products/TemplateApp/Templates/Email/English/VerifyPreviewButtonOfPostingContactConfirmationRequired" classname="Test Cases/Products/TemplateApp/Templates/Email/English/VerifyPreviewButtonOfPostingContactConfirmationRequired" status="PASSED">
         <system-out><![CDATA[2019-03-19 14:39:31 - [TEST_CASE][PASSED] - Test Cases/Products/TemplateApp/Templates/Email/English/VerifyPreviewButtonOfPostingContactConfirmationRequired: Test Cases/Products/TemplateApp/Templates/Email/English/VerifyPreviewButtonOfPostingContactConfirmationRequired

2019-03-19 14:39:31 - [TEST_STEP][PASSED] - callTestCase(findTestCase("Products/Cerberus/Login-Logout/TemplateLoginNCQATestUtility"), [:], STOP_ON_FAILURE): Call Test Case 'Test Cases/Products/Cerberus/Login-Logout/TemplateLoginNCQATestUtility' successfully

2019-03-19 14:39:31 - [TEST_CASE][PASSED] - Test Cases/Products/Cerberus/Login-Logout/TemplateLoginNCQATestUtility: Test Cases/Products/Cerberus/Login-Logout/TemplateLoginNCQATestUtility

2019-03-19 14:39:31 - [TEST_STEP][PASSED] - log = new com.kms.katalon.core.logging.KeywordLogger(): null

2019-03-19 14:39:31 - [TEST_STEP][PASSED] - comment("Open browser and Login"): Open browser and Login

2019-03-19 14:39:31 - [MESSAGE][INFO] - Open browser and Login

2019-03-19 14:39:31 - [TEST_STEP][PASSED] - openBrowser(G_DefaultSiteURL): Browser is opened with url: 'https://dev.kubra.io'

2019-03-19 14:39:31 - [MESSAGE][WARNING] - A browser is already opened. Closing browser and opening a new one

2019-03-19 14:39:32 - [MESSAGE][INFO] - Starting 'Firefox' driver

2019-03-19 14:39:35 - [MESSAGE][PASSED] - Browser is opened with url: 'https://dev.kubra.io'

2019-03-19 14:39:35 - [TEST_STEP][PASSED] - waitForPageLoad(G_ShortTimeout): Wait for page load successfully

2019-03-19 14:39:35 - [MESSAGE][PASSED] - Wait for page load successfully

2019-03-19 14:39:35 - [TEST_STEP][PASSED] - maximizeWindow(): Current window maximized

2019-03-19 14:39:35 - [MESSAGE][PASSED] - Current window maximized

2019-03-19 14:39:35 - [TEST_STEP][PASSED] - log.logWarning("--- Begin Login ---"): --- Begin Login ---

2019-03-19 14:39:35 - [MESSAGE][WARNING] - --- Begin Login ---

2019-03-19 14:39:35 - [TEST_STEP][PASSED] - log.logWarning("Logging in to environment - " + G_DefaultSiteURL): Logging in to environment - https://dev.kubra.io

2019-03-19 14:39:35 - [MESSAGE][WARNING] - Logging in to environment - https://dev.kubra.io

2019-03-19 14:39:35 - [TEST_STEP][PASSED] - waitForElementClickable(findTestObject("Products/Cerberus/LoginLogout/LogInWithGoogle"), 15): Object 'Object Repository/Products/Cerberus/LoginLogout/LogInWithGoogle' is clickable

2019-03-19 14:39:36 - [MESSAGE][PASSED] - Object 'Object Repository/Products/Cerberus/LoginLogout/LogInWithGoogle' is clickable

2019-03-19 14:39:36 - [TEST_STEP][PASSED] - delay(2): Delayed 2 second(s)

2019-03-19 14:39:38 - [MESSAGE][PASSED] - Delayed 2 second(s)

2019-03-19 14:39:38 - [TEST_STEP][PASSED] - click(findTestObject("Products/Cerberus/LoginLogout/LogInWithGoogle")): Object: 'Object Repository/Products/Cerberus/LoginLogout/LogInWithGoogle' is clicked on

2019-03-19 14:39:39 - [MESSAGE][PASSED] - Object: 'Object Repository/Products/Cerberus/LoginLogout/LogInWithGoogle' is clicked on

2019-03-19 14:39:39 - [TEST_STEP][PASSED] - waitForElementVisible(findTestObject("Products/Cerberus/LoginLogout/UserName"), 15): Object 'Object Repository/Products/Cerberus/LoginLogout/UserName' is visible

2019-03-19 14:39:39 - [MESSAGE][PASSED] - Object 'Object Repository/Products/Cerberus/LoginLogout/UserName' is visible

2019-03-19 14:39:39 - [TEST_STEP][PASSED] - setMaskedText(findTestObject("Products/Cerberus/LoginLogout/UserName"), "tempeqa@kubra.com"): Text '*****************' is set on object 'Object Repository/Products/Cerberus/LoginLogout/UserName'

2019-03-19 14:39:39 - [MESSAGE][PASSED] - Text '*****************' is set on object 'Object Repository/Products/Cerberus/LoginLogout/UserName'

2019-03-19 14:39:39 - [TEST_STEP][PASSED] - waitForElementVisible(findTestObject("Products/Cerberus/LoginLogout/UserNameNextButton"), 15): Object 'Object Repository/Products/Cerberus/LoginLogout/UserNameNextButton' is visible

2019-03-19 14:39:40 - [MESSAGE][PASSED] - Object 'Object Repository/Products/Cerberus/LoginLogout/UserNameNextButton' is visible

2019-03-19 14:39:40 - [TEST_STEP][PASSED] - click(findTestObject("Products/Cerberus/LoginLogout/UserNameNextButton")): Object: 'Object Repository/Products/Cerberus/LoginLogout/UserNameNextButton' is clicked on

2019-03-19 14:39:40 - [MESSAGE][PASSED] - Object: 'Object Repository/Products/Cerberus/LoginLogout/UserNameNextButton' is clicked on

2019-03-19 14:39:40 - [TEST_STEP][PASSED] - waitForElementVisible(findTestObject("Products/Cerberus/LoginLogout/Password"), 15): Object 'Object Repository/Products/Cerberus/LoginLogout/Password' is visible

2019-03-19 14:39:41 - [MESSAGE][PASSED] - Object 'Object Repository/Products/Cerberus/LoginLogout/Password' is visible

2019-03-19 14:39:41 - [TEST_STEP][PASSED] - setMaskedText(findTestObject("Products/Cerberus/LoginLogout/Password"), "qAisgr8!@"): Text '*********' is set on object 'Object Repository/Products/Cerberus/LoginLogout/Password'

2019-03-19 14:39:41 - [MESSAGE][PASSED] - Text '*********' is set on object 'Object Repository/Products/Cerberus/LoginLogout/Password'

2019-03-19 14:39:41 - [TEST_STEP][PASSED] - waitForElementClickable(findTestObject("Products/Cerberus/LoginLogout/PasswordNextButton"), 15): Object 'Object Repository/Products/Cerberus/LoginLogout/PasswordNextButton' is clickable

2019-03-19 14:39:41 - [MESSAGE][PASSED] - Object 'Object Repository/Products/Cerberus/LoginLogout/PasswordNextButton' is clickable

2019-03-19 14:39:41 - [TEST_STEP][PASSED] - click(findTestObject("Products/Cerberus/LoginLogout/PasswordNextButton")): Object: 'Object Repository/Products/Cerberus/LoginLogout/PasswordNextButton' is clicked on

2019-03-19 14:39:44 - [MESSAGE][PASSED] - Object: 'Object Repository/Products/Cerberus/LoginLogout/PasswordNextButton' is clicked on

2019-03-19 14:39:44 - [TEST_STEP][PASSED] - delay(5): Delayed 5 second(s)

2019-03-19 14:39:49 - [MESSAGE][PASSED] - Delayed 5 second(s)

2019-03-19 14:39:49 - [TEST_STEP][PASSED] - waitForElementClickable(findTestObject("Products/Cerberus/LoginLogout/TenantQATestUtilityCompany"), 15): Object 'Object Repository/Products/Cerberus/LoginLogout/TenantQATestUtilityCompany' is clickable

2019-03-19 14:39:49 - [MESSAGE][PASSED] - Object 'Object Repository/Products/Cerberus/LoginLogout/TenantQATestUtilityCompany' is clickable

2019-03-19 14:39:49 - [TEST_STEP][PASSED] - click(findTestObject("Products/Cerberus/LoginLogout/TenantQATestUtilityCompany")): Object: 'Object Repository/Products/Cerberus/LoginLogout/TenantQATestUtilityCompany' is clicked on

2019-03-19 14:39:49 - [MESSAGE][PASSED] - Object: 'Object Repository/Products/Cerberus/LoginLogout/TenantQATestUtilityCompany' is clicked on

2019-03-19 14:39:49 - [TEST_STEP][PASSED] - verifyElementText(findTestObject("Products/Cerberus/LoginLogout/TenantQATestUtilityCompany"), "QA Test Utility Company"): Actual text and expected text of test object 'Object Repository/Products/Cerberus/LoginLogout/TenantQATestUtilityCompany' are matched.

2019-03-19 14:39:49 - [MESSAGE][PASSED] - Actual text and expected text of test object 'Object Repository/Products/Cerberus/LoginLogout/TenantQATestUtilityCompany' are matched.

2019-03-19 14:39:49 - [TEST_STEP][PASSED] - waitForElementClickable(findTestObject("Products/Cerberus/LoginLogout/TenantSubmitButton"), 15): Object 'Object Repository/Products/Cerberus/LoginLogout/TenantSubmitButton' is clickable

2019-03-19 14:39:49 - [MESSAGE][PASSED] - Object 'Object Repository/Products/Cerberus/LoginLogout/TenantSubmitButton' is clickable

2019-03-19 14:39:49 - [TEST_STEP][PASSED] - click(findTestObject("Products/Cerberus/LoginLogout/TenantSubmitButton")): Object: 'Object Repository/Products/Cerberus/LoginLogout/TenantSubmitButton' is clicked on

2019-03-19 14:39:49 - [MESSAGE][PASSED] - Object: 'Object Repository/Products/Cerberus/LoginLogout/TenantSubmitButton' is clicked on

2019-03-19 14:39:49 - [TEST_STEP][PASSED] - waitForElementClickable(findTestObject("Products/Cerberus/LoginLogout/ChooseApp-Templates"), 15): Object 'Object Repository/Products/Cerberus/LoginLogout/ChooseApp-Templates' is clickable

2019-03-19 14:39:49 - [MESSAGE][PASSED] - Object 'Object Repository/Products/Cerberus/LoginLogout/ChooseApp-Templates' is clickable

2019-03-19 14:39:49 - [TEST_STEP][PASSED] - click(findTestObject("Products/Cerberus/LoginLogout/ChooseApp-Templates")): Object: 'Object Repository/Products/Cerberus/LoginLogout/ChooseApp-Templates' is clicked on

2019-03-19 14:39:50 - [MESSAGE][PASSED] - Object: 'Object Repository/Products/Cerberus/LoginLogout/ChooseApp-Templates' is clicked on

2019-03-19 14:39:50 - [TEST_STEP][PASSED] - waitForElementClickable(findTestObject("Products/Cerberus/LoginLogout/SubmitButton_ChooseApp"), 15): Object 'Object Repository/Products/Cerberus/LoginLogout/SubmitButton_ChooseApp' is clickable

2019-03-19 14:39:50 - [MESSAGE][PASSED] - Object 'Object Repository/Products/Cerberus/LoginLogout/SubmitButton_ChooseApp' is clickable

2019-03-19 14:39:50 - [TEST_STEP][PASSED] - click(findTestObject("Products/Cerberus/LoginLogout/SubmitButton_ChooseApp")): Object: 'Object Repository/Products/Cerberus/LoginLogout/SubmitButton_ChooseApp' is clicked on

2019-03-19 14:39:51 - [MESSAGE][PASSED] - Object: 'Object Repository/Products/Cerberus/LoginLogout/SubmitButton_ChooseApp' is clicked on

2019-03-19 14:39:51 - [TEST_STEP][PASSED] - delay(1): Delayed 1 second(s)

2019-03-19 14:39:52 - [MESSAGE][PASSED] - Delayed 1 second(s)

2019-03-19 14:39:52 - [TEST_STEP][PASSED] - verifyTextPresent("Latest Activity", false): Text 'Latest Activity' is present on page 

2019-03-19 14:39:52 - [MESSAGE][PASSED] - Text 'Latest Activity' is present on page 

2019-03-19 14:39:52 - [TEST_STEP][PASSED] - log.logWarning("--- End Login ---"): --- End Login ---

2019-03-19 14:39:52 - [MESSAGE][WARNING] - --- End Login ---

2019-03-19 14:39:52 - [MESSAGE][PASSED] - Call Test Case 'Test Cases/Products/Cerberus/Login-Logout/TemplateLoginNCQATestUtility' successfully

2019-03-19 14:39:52 - [TEST_STEP][PASSED] - delay(4): Delayed 4 second(s)

2019-03-19 14:39:56 - [MESSAGE][PASSED] - Delayed 4 second(s)

2019-03-19 14:39:56 - [TEST_STEP][PASSED] - click(findTestObject("Products/TemplateApp/Templates/Common/SelectTemplates")): Object: 'Object Repository/Products/TemplateApp/Templates/Common/SelectTemplates' is clicked on

2019-03-19 14:39:56 - [MESSAGE][PASSED] - Object: 'Object Repository/Products/TemplateApp/Templates/Common/SelectTemplates' is clicked on

2019-03-19 14:39:56 - [TEST_STEP][PASSED] - delay(2): Delayed 2 second(s)

2019-03-19 14:39:58 - [MESSAGE][PASSED] - Delayed 2 second(s)

2019-03-19 14:39:58 - [TEST_STEP][PASSED] - click(findTestObject("Products/TemplateApp/Templates/Email/SelectEmail")): Object: 'Object Repository/Products/TemplateApp/Templates/Email/SelectEmail' is clicked on

2019-03-19 14:39:58 - [MESSAGE][PASSED] - Object: 'Object Repository/Products/TemplateApp/Templates/Email/SelectEmail' is clicked on

2019-03-19 14:39:58 - [TEST_STEP][PASSED] - click(findTestObject("Products/TemplateApp/Templates/Email/PostingContactConfirmationRequiredForm")): Object: 'Object Repository/Products/TemplateApp/Templates/Email/PostingContactConfirmationRequiredForm' is clicked on

2019-03-19 14:39:58 - [MESSAGE][PASSED] - Object: 'Object Repository/Products/TemplateApp/Templates/Email/PostingContactConfirmationRequiredForm' is clicked on

2019-03-19 14:39:58 - [TEST_STEP][PASSED] - verifyElementText(findTestObject("Products/TemplateApp/Templates/Common/FormHeaderText"), "POSTING_CONTACT_CONFIRMATION_REQUIRED.NJK"): Actual text and expected text of test object 'Object Repository/Products/TemplateApp/Templates/Common/FormHeaderText' are matched.

2019-03-19 14:39:59 - [MESSAGE][PASSED] - Actual text and expected text of test object 'Object Repository/Products/TemplateApp/Templates/Common/FormHeaderText' are matched.

2019-03-19 14:39:59 - [TEST_STEP][PASSED] - waitForElementClickable(findTestObject("Products/TemplateApp/Templates/Common/PreviewButton"), 10): Object 'Object Repository/Products/TemplateApp/Templates/Common/PreviewButton' is clickable

2019-03-19 14:39:59 - [MESSAGE][PASSED] - Object 'Object Repository/Products/TemplateApp/Templates/Common/PreviewButton' is clickable

2019-03-19 14:39:59 - [TEST_STEP][PASSED] - click(findTestObject("Products/TemplateApp/Templates/Common/PreviewButton")): Object: 'Object Repository/Products/TemplateApp/Templates/Common/PreviewButton' is clicked on

2019-03-19 14:40:00 - [MESSAGE][PASSED] - Object: 'Object Repository/Products/TemplateApp/Templates/Common/PreviewButton' is clicked on

2019-03-19 14:40:00 - [TEST_STEP][PASSED] - delay(5): Delayed 5 second(s)

2019-03-19 14:40:05 - [MESSAGE][PASSED] - Delayed 5 second(s)

2019-03-19 14:40:05 - [TEST_STEP][PASSED] - verifyElementText(findTestObject("Products/TemplateApp/Templates/Common/PreviewHeader"), "PREVIEW"): Actual text and expected text of test object 'Object Repository/Products/TemplateApp/Templates/Common/PreviewHeader' are matched.

2019-03-19 14:40:05 - [MESSAGE][PASSED] - Actual text and expected text of test object 'Object Repository/Products/TemplateApp/Templates/Common/PreviewHeader' are matched.

2019-03-19 14:40:05 - [TEST_STEP][PASSED] - click(findTestObject("Products/TemplateApp/Templates/Common/ClosePreview")): Object: 'Object Repository/Products/TemplateApp/Templates/Common/ClosePreview' is clicked on

2019-03-19 14:40:05 - [MESSAGE][PASSED] - Object: 'Object Repository/Products/TemplateApp/Templates/Common/ClosePreview' is clicked on

2019-03-19 14:40:05 - [TEST_STEP][PASSED] - verifyElementPresent(findTestObject("Products/TemplateApp/Templates/Common/FormHeaderText"), 2): Object 'Object Repository/Products/TemplateApp/Templates/Common/FormHeaderText' is present

2019-03-19 14:40:05 - [MESSAGE][PASSED] - Object 'Object Repository/Products/TemplateApp/Templates/Common/FormHeaderText' is present

2019-03-19 14:40:05 - [TEST_STEP][PASSED] - closeBrowser(): Browser is closed

2019-03-19 14:40:05 - [MESSAGE][PASSED] - Browser is closed]]></system-out>
         <system-err><![CDATA[]]></system-err>
      </testcase>
      <testcase name="Test Cases/Products/TemplateApp/Templates/Email/English/VerifyPreviewLinkOfPostingContactConfirmationRequired" classname="Test Cases/Products/TemplateApp/Templates/Email/English/VerifyPreviewLinkOfPostingContactConfirmationRequired" status="PASSED">
         <system-out><![CDATA[2019-03-19 14:40:05 - [TEST_CASE][PASSED] - Test Cases/Products/TemplateApp/Templates/Email/English/VerifyPreviewLinkOfPostingContactConfirmationRequired: Test Cases/Products/TemplateApp/Templates/Email/English/VerifyPreviewLinkOfPostingContactConfirmationRequired

2019-03-19 14:40:06 - [TEST_STEP][PASSED] - callTestCase(findTestCase("Products/Cerberus/Login-Logout/TemplateLoginNCQATestUtility"), [:], STOP_ON_FAILURE): Call Test Case 'Test Cases/Products/Cerberus/Login-Logout/TemplateLoginNCQATestUtility' successfully

2019-03-19 14:40:06 - [TEST_CASE][PASSED] - Test Cases/Products/Cerberus/Login-Logout/TemplateLoginNCQATestUtility: Test Cases/Products/Cerberus/Login-Logout/TemplateLoginNCQATestUtility

2019-03-19 14:40:06 - [TEST_STEP][PASSED] - log = new com.kms.katalon.core.logging.KeywordLogger(): null

2019-03-19 14:40:06 - [TEST_STEP][PASSED] - comment("Open browser and Login"): Open browser and Login

2019-03-19 14:40:06 - [MESSAGE][INFO] - Open browser and Login

2019-03-19 14:40:06 - [TEST_STEP][PASSED] - openBrowser(G_DefaultSiteURL): Browser is opened with url: 'https://dev.kubra.io'

2019-03-19 14:40:06 - [MESSAGE][INFO] - Starting 'Firefox' driver

2019-03-19 14:40:09 - [MESSAGE][PASSED] - Browser is opened with url: 'https://dev.kubra.io'

2019-03-19 14:40:09 - [TEST_STEP][PASSED] - waitForPageLoad(G_ShortTimeout): Wait for page load successfully

2019-03-19 14:40:09 - [MESSAGE][PASSED] - Wait for page load successfully

2019-03-19 14:40:09 - [TEST_STEP][PASSED] - maximizeWindow(): Current window maximized

2019-03-19 14:40:09 - [MESSAGE][PASSED] - Current window maximized

2019-03-19 14:40:09 - [TEST_STEP][PASSED] - log.logWarning("--- Begin Login ---"): --- Begin Login ---

2019-03-19 14:40:09 - [MESSAGE][WARNING] - --- Begin Login ---

2019-03-19 14:40:09 - [TEST_STEP][PASSED] - log.logWarning("Logging in to environment - " + G_DefaultSiteURL): Logging in to environment - https://dev.kubra.io

2019-03-19 14:40:09 - [MESSAGE][WARNING] - Logging in to environment - https://dev.kubra.io

2019-03-19 14:40:09 - [TEST_STEP][PASSED] - waitForElementClickable(findTestObject("Products/Cerberus/LoginLogout/LogInWithGoogle"), 15): Object 'Object Repository/Products/Cerberus/LoginLogout/LogInWithGoogle' is clickable

2019-03-19 14:40:10 - [MESSAGE][PASSED] - Object 'Object Repository/Products/Cerberus/LoginLogout/LogInWithGoogle' is clickable

2019-03-19 14:40:10 - [TEST_STEP][PASSED] - delay(2): Delayed 2 second(s)

2019-03-19 14:40:12 - [MESSAGE][PASSED] - Delayed 2 second(s)

2019-03-19 14:40:12 - [TEST_STEP][PASSED] - click(findTestObject("Products/Cerberus/LoginLogout/LogInWithGoogle")): Object: 'Object Repository/Products/Cerberus/LoginLogout/LogInWithGoogle' is clicked on

2019-03-19 14:40:13 - [MESSAGE][PASSED] - Object: 'Object Repository/Products/Cerberus/LoginLogout/LogInWithGoogle' is clicked on

2019-03-19 14:40:13 - [TEST_STEP][PASSED] - waitForElementVisible(findTestObject("Products/Cerberus/LoginLogout/UserName"), 15): Object 'Object Repository/Products/Cerberus/LoginLogout/UserName' is visible

2019-03-19 14:40:13 - [MESSAGE][PASSED] - Object 'Object Repository/Products/Cerberus/LoginLogout/UserName' is visible

2019-03-19 14:40:13 - [TEST_STEP][PASSED] - setMaskedText(findTestObject("Products/Cerberus/LoginLogout/UserName"), "tempeqa@kubra.com"): Text '*****************' is set on object 'Object Repository/Products/Cerberus/LoginLogout/UserName'

2019-03-19 14:40:14 - [MESSAGE][PASSED] - Text '*****************' is set on object 'Object Repository/Products/Cerberus/LoginLogout/UserName'

2019-03-19 14:40:14 - [TEST_STEP][PASSED] - waitForElementVisible(findTestObject("Products/Cerberus/LoginLogout/UserNameNextButton"), 15): Object 'Object Repository/Products/Cerberus/LoginLogout/UserNameNextButton' is visible

2019-03-19 14:40:14 - [MESSAGE][PASSED] - Object 'Object Repository/Products/Cerberus/LoginLogout/UserNameNextButton' is visible

2019-03-19 14:40:14 - [TEST_STEP][PASSED] - click(findTestObject("Products/Cerberus/LoginLogout/UserNameNextButton")): Object: 'Object Repository/Products/Cerberus/LoginLogout/UserNameNextButton' is clicked on

2019-03-19 14:40:14 - [MESSAGE][PASSED] - Object: 'Object Repository/Products/Cerberus/LoginLogout/UserNameNextButton' is clicked on

2019-03-19 14:40:14 - [TEST_STEP][PASSED] - waitForElementVisible(findTestObject("Products/Cerberus/LoginLogout/Password"), 15): Object 'Object Repository/Products/Cerberus/LoginLogout/Password' is visible

2019-03-19 14:40:15 - [MESSAGE][PASSED] - Object 'Object Repository/Products/Cerberus/LoginLogout/Password' is visible

2019-03-19 14:40:15 - [TEST_STEP][PASSED] - setMaskedText(findTestObject("Products/Cerberus/LoginLogout/Password"), "qAisgr8!@"): Text '*********' is set on object 'Object Repository/Products/Cerberus/LoginLogout/Password'

2019-03-19 14:40:15 - [MESSAGE][PASSED] - Text '*********' is set on object 'Object Repository/Products/Cerberus/LoginLogout/Password'

2019-03-19 14:40:15 - [TEST_STEP][PASSED] - waitForElementClickable(findTestObject("Products/Cerberus/LoginLogout/PasswordNextButton"), 15): Object 'Object Repository/Products/Cerberus/LoginLogout/PasswordNextButton' is clickable

2019-03-19 14:40:15 - [MESSAGE][PASSED] - Object 'Object Repository/Products/Cerberus/LoginLogout/PasswordNextButton' is clickable

2019-03-19 14:40:15 - [TEST_STEP][PASSED] - click(findTestObject("Products/Cerberus/LoginLogout/PasswordNextButton")): Object: 'Object Repository/Products/Cerberus/LoginLogout/PasswordNextButton' is clicked on

2019-03-19 14:40:19 - [MESSAGE][PASSED] - Object: 'Object Repository/Products/Cerberus/LoginLogout/PasswordNextButton' is clicked on

2019-03-19 14:40:19 - [TEST_STEP][PASSED] - delay(5): Delayed 5 second(s)

2019-03-19 14:40:24 - [MESSAGE][PASSED] - Delayed 5 second(s)

2019-03-19 14:40:24 - [TEST_STEP][PASSED] - waitForElementClickable(findTestObject("Products/Cerberus/LoginLogout/TenantQATestUtilityCompany"), 15): Object 'Object Repository/Products/Cerberus/LoginLogout/TenantQATestUtilityCompany' is clickable

2019-03-19 14:40:24 - [MESSAGE][PASSED] - Object 'Object Repository/Products/Cerberus/LoginLogout/TenantQATestUtilityCompany' is clickable

2019-03-19 14:40:24 - [TEST_STEP][PASSED] - click(findTestObject("Products/Cerberus/LoginLogout/TenantQATestUtilityCompany")): Object: 'Object Repository/Products/Cerberus/LoginLogout/TenantQATestUtilityCompany' is clicked on

2019-03-19 14:40:24 - [MESSAGE][PASSED] - Object: 'Object Repository/Products/Cerberus/LoginLogout/TenantQATestUtilityCompany' is clicked on

2019-03-19 14:40:24 - [TEST_STEP][PASSED] - verifyElementText(findTestObject("Products/Cerberus/LoginLogout/TenantQATestUtilityCompany"), "QA Test Utility Company"): Actual text and expected text of test object 'Object Repository/Products/Cerberus/LoginLogout/TenantQATestUtilityCompany' are matched.

2019-03-19 14:40:24 - [MESSAGE][PASSED] - Actual text and expected text of test object 'Object Repository/Products/Cerberus/LoginLogout/TenantQATestUtilityCompany' are matched.

2019-03-19 14:40:24 - [TEST_STEP][PASSED] - waitForElementClickable(findTestObject("Products/Cerberus/LoginLogout/TenantSubmitButton"), 15): Object 'Object Repository/Products/Cerberus/LoginLogout/TenantSubmitButton' is clickable

2019-03-19 14:40:24 - [MESSAGE][PASSED] - Object 'Object Repository/Products/Cerberus/LoginLogout/TenantSubmitButton' is clickable

2019-03-19 14:40:24 - [TEST_STEP][PASSED] - click(findTestObject("Products/Cerberus/LoginLogout/TenantSubmitButton")): Object: 'Object Repository/Products/Cerberus/LoginLogout/TenantSubmitButton' is clicked on

2019-03-19 14:40:24 - [MESSAGE][PASSED] - Object: 'Object Repository/Products/Cerberus/LoginLogout/TenantSubmitButton' is clicked on

2019-03-19 14:40:24 - [TEST_STEP][PASSED] - waitForElementClickable(findTestObject("Products/Cerberus/LoginLogout/ChooseApp-Templates"), 15): Object 'Object Repository/Products/Cerberus/LoginLogout/ChooseApp-Templates' is clickable

2019-03-19 14:40:24 - [MESSAGE][PASSED] - Object 'Object Repository/Products/Cerberus/LoginLogout/ChooseApp-Templates' is clickable

2019-03-19 14:40:24 - [TEST_STEP][PASSED] - click(findTestObject("Products/Cerberus/LoginLogout/ChooseApp-Templates")): Object: 'Object Repository/Products/Cerberus/LoginLogout/ChooseApp-Templates' is clicked on

2019-03-19 14:40:25 - [MESSAGE][PASSED] - Object: 'Object Repository/Products/Cerberus/LoginLogout/ChooseApp-Templates' is clicked on

2019-03-19 14:40:25 - [TEST_STEP][PASSED] - waitForElementClickable(findTestObject("Products/Cerberus/LoginLogout/SubmitButton_ChooseApp"), 15): Object 'Object Repository/Products/Cerberus/LoginLogout/SubmitButton_ChooseApp' is clickable

2019-03-19 14:40:25 - [MESSAGE][PASSED] - Object 'Object Repository/Products/Cerberus/LoginLogout/SubmitButton_ChooseApp' is clickable

2019-03-19 14:40:25 - [TEST_STEP][PASSED] - click(findTestObject("Products/Cerberus/LoginLogout/SubmitButton_ChooseApp")): Object: 'Object Repository/Products/Cerberus/LoginLogout/SubmitButton_ChooseApp' is clicked on

2019-03-19 14:40:26 - [MESSAGE][PASSED] - Object: 'Object Repository/Products/Cerberus/LoginLogout/SubmitButton_ChooseApp' is clicked on

2019-03-19 14:40:26 - [TEST_STEP][PASSED] - delay(1): Delayed 1 second(s)

2019-03-19 14:40:27 - [MESSAGE][PASSED] - Delayed 1 second(s)

2019-03-19 14:40:27 - [TEST_STEP][PASSED] - verifyTextPresent("Latest Activity", false): Text 'Latest Activity' is present on page 

2019-03-19 14:40:27 - [MESSAGE][PASSED] - Text 'Latest Activity' is present on page 

2019-03-19 14:40:27 - [TEST_STEP][PASSED] - log.logWarning("--- End Login ---"): --- End Login ---

2019-03-19 14:40:27 - [MESSAGE][WARNING] - --- End Login ---

2019-03-19 14:40:27 - [MESSAGE][PASSED] - Call Test Case 'Test Cases/Products/Cerberus/Login-Logout/TemplateLoginNCQATestUtility' successfully

2019-03-19 14:40:27 - [TEST_STEP][PASSED] - delay(4): Delayed 4 second(s)

2019-03-19 14:40:31 - [MESSAGE][PASSED] - Delayed 4 second(s)

2019-03-19 14:40:31 - [TEST_STEP][PASSED] - click(findTestObject("Products/TemplateApp/Templates/Common/SelectTemplates")): Object: 'Object Repository/Products/TemplateApp/Templates/Common/SelectTemplates' is clicked on

2019-03-19 14:40:31 - [MESSAGE][PASSED] - Object: 'Object Repository/Products/TemplateApp/Templates/Common/SelectTemplates' is clicked on

2019-03-19 14:40:31 - [TEST_STEP][PASSED] - delay(2): Delayed 2 second(s)

2019-03-19 14:40:33 - [MESSAGE][PASSED] - Delayed 2 second(s)

2019-03-19 14:40:33 - [TEST_STEP][PASSED] - click(findTestObject("Products/TemplateApp/Templates/Email/SelectEmail")): Object: 'Object Repository/Products/TemplateApp/Templates/Email/SelectEmail' is clicked on

2019-03-19 14:40:33 - [MESSAGE][PASSED] - Object: 'Object Repository/Products/TemplateApp/Templates/Email/SelectEmail' is clicked on

2019-03-19 14:40:33 - [TEST_STEP][PASSED] - click(findTestObject("Products/TemplateApp/Templates/Email/PostingContactConfirmationRequiredPreviewLink")): Object: 'Object Repository/Products/TemplateApp/Templates/Email/PostingContactConfirmationRequiredPreviewLink' is clicked on

2019-03-19 14:40:34 - [MESSAGE][PASSED] - Object: 'Object Repository/Products/TemplateApp/Templates/Email/PostingContactConfirmationRequiredPreviewLink' is clicked on

2019-03-19 14:40:34 - [TEST_STEP][PASSED] - delay(5): Delayed 5 second(s)

2019-03-19 14:40:39 - [MESSAGE][PASSED] - Delayed 5 second(s)

2019-03-19 14:40:39 - [TEST_STEP][PASSED] - verifyElementText(findTestObject("Products/TemplateApp/Templates/Common/PreviewHeader"), "PREVIEW"): Actual text and expected text of test object 'Object Repository/Products/TemplateApp/Templates/Common/PreviewHeader' are matched.

2019-03-19 14:40:39 - [MESSAGE][PASSED] - Actual text and expected text of test object 'Object Repository/Products/TemplateApp/Templates/Common/PreviewHeader' are matched.

2019-03-19 14:40:39 - [TEST_STEP][PASSED] - click(findTestObject("Products/TemplateApp/Templates/Common/ClosePreview")): Object: 'Object Repository/Products/TemplateApp/Templates/Common/ClosePreview' is clicked on

2019-03-19 14:40:39 - [MESSAGE][PASSED] - Object: 'Object Repository/Products/TemplateApp/Templates/Common/ClosePreview' is clicked on

2019-03-19 14:40:39 - [TEST_STEP][PASSED] - verifyElementText(findTestObject("Products/TemplateApp/TemplateHeader"), "Templates"): Actual text and expected text of test object 'Object Repository/Products/TemplateApp/TemplateHeader' are matched.

2019-03-19 14:40:39 - [MESSAGE][PASSED] - Actual text and expected text of test object 'Object Repository/Products/TemplateApp/TemplateHeader' are matched.

2019-03-19 14:40:39 - [TEST_STEP][PASSED] - closeBrowser(): Browser is closed

2019-03-19 14:40:39 - [MESSAGE][PASSED] - Browser is closed]]></system-out>
         <system-err><![CDATA[]]></system-err>
      </testcase>
      <testcase name="Test Cases/Products/TemplateApp/Templates/Email/English/VerifyPreviewButtonOfContactPaused" classname="Test Cases/Products/TemplateApp/Templates/Email/English/VerifyPreviewButtonOfContactPaused" status="PASSED">
         <system-out><![CDATA[2019-03-19 14:40:39 - [TEST_CASE][PASSED] - Test Cases/Products/TemplateApp/Templates/Email/English/VerifyPreviewButtonOfContactPaused: Test Cases/Products/TemplateApp/Templates/Email/English/VerifyPreviewButtonOfContactPaused

2019-03-19 14:40:39 - [TEST_STEP][PASSED] - callTestCase(findTestCase("Products/Cerberus/Login-Logout/TemplateLoginNCQATestUtility"), [:], STOP_ON_FAILURE): Call Test Case 'Test Cases/Products/Cerberus/Login-Logout/TemplateLoginNCQATestUtility' successfully

2019-03-19 14:40:39 - [TEST_CASE][PASSED] - Test Cases/Products/Cerberus/Login-Logout/TemplateLoginNCQATestUtility: Test Cases/Products/Cerberus/Login-Logout/TemplateLoginNCQATestUtility

2019-03-19 14:40:39 - [TEST_STEP][PASSED] - log = new com.kms.katalon.core.logging.KeywordLogger(): null

2019-03-19 14:40:39 - [TEST_STEP][PASSED] - comment("Open browser and Login"): Open browser and Login

2019-03-19 14:40:39 - [MESSAGE][INFO] - Open browser and Login

2019-03-19 14:40:39 - [TEST_STEP][PASSED] - openBrowser(G_DefaultSiteURL): Browser is opened with url: 'https://dev.kubra.io'

2019-03-19 14:40:39 - [MESSAGE][INFO] - Starting 'Firefox' driver

2019-03-19 14:40:43 - [MESSAGE][PASSED] - Browser is opened with url: 'https://dev.kubra.io'

2019-03-19 14:40:43 - [TEST_STEP][PASSED] - waitForPageLoad(G_ShortTimeout): Wait for page load successfully

2019-03-19 14:40:43 - [MESSAGE][PASSED] - Wait for page load successfully

2019-03-19 14:40:43 - [TEST_STEP][PASSED] - maximizeWindow(): Current window maximized

2019-03-19 14:40:43 - [MESSAGE][PASSED] - Current window maximized

2019-03-19 14:40:43 - [TEST_STEP][PASSED] - log.logWarning("--- Begin Login ---"): --- Begin Login ---

2019-03-19 14:40:43 - [MESSAGE][WARNING] - --- Begin Login ---

2019-03-19 14:40:43 - [TEST_STEP][PASSED] - log.logWarning("Logging in to environment - " + G_DefaultSiteURL): Logging in to environment - https://dev.kubra.io

2019-03-19 14:40:43 - [MESSAGE][WARNING] - Logging in to environment - https://dev.kubra.io

2019-03-19 14:40:43 - [TEST_STEP][PASSED] - waitForElementClickable(findTestObject("Products/Cerberus/LoginLogout/LogInWithGoogle"), 15): Object 'Object Repository/Products/Cerberus/LoginLogout/LogInWithGoogle' is clickable

2019-03-19 14:40:44 - [MESSAGE][PASSED] - Object 'Object Repository/Products/Cerberus/LoginLogout/LogInWithGoogle' is clickable

2019-03-19 14:40:44 - [TEST_STEP][PASSED] - delay(2): Delayed 2 second(s)

2019-03-19 14:40:46 - [MESSAGE][PASSED] - Delayed 2 second(s)

2019-03-19 14:40:46 - [TEST_STEP][PASSED] - click(findTestObject("Products/Cerberus/LoginLogout/LogInWithGoogle")): Object: 'Object Repository/Products/Cerberus/LoginLogout/LogInWithGoogle' is clicked on

2019-03-19 14:40:47 - [MESSAGE][PASSED] - Object: 'Object Repository/Products/Cerberus/LoginLogout/LogInWithGoogle' is clicked on

2019-03-19 14:40:47 - [TEST_STEP][PASSED] - waitForElementVisible(findTestObject("Products/Cerberus/LoginLogout/UserName"), 15): Object 'Object Repository/Products/Cerberus/LoginLogout/UserName' is visible

2019-03-19 14:40:47 - [MESSAGE][PASSED] - Object 'Object Repository/Products/Cerberus/LoginLogout/UserName' is visible

2019-03-19 14:40:47 - [TEST_STEP][PASSED] - setMaskedText(findTestObject("Products/Cerberus/LoginLogout/UserName"), "tempeqa@kubra.com"): Text '*****************' is set on object 'Object Repository/Products/Cerberus/LoginLogout/UserName'

2019-03-19 14:40:48 - [MESSAGE][PASSED] - Text '*****************' is set on object 'Object Repository/Products/Cerberus/LoginLogout/UserName'

2019-03-19 14:40:48 - [TEST_STEP][PASSED] - waitForElementVisible(findTestObject("Products/Cerberus/LoginLogout/UserNameNextButton"), 15): Object 'Object Repository/Products/Cerberus/LoginLogout/UserNameNextButton' is visible

2019-03-19 14:40:48 - [MESSAGE][PASSED] - Object 'Object Repository/Products/Cerberus/LoginLogout/UserNameNextButton' is visible

2019-03-19 14:40:48 - [TEST_STEP][PASSED] - click(findTestObject("Products/Cerberus/LoginLogout/UserNameNextButton")): Object: 'Object Repository/Products/Cerberus/LoginLogout/UserNameNextButton' is clicked on

2019-03-19 14:40:48 - [MESSAGE][PASSED] - Object: 'Object Repository/Products/Cerberus/LoginLogout/UserNameNextButton' is clicked on

2019-03-19 14:40:48 - [TEST_STEP][PASSED] - waitForElementVisible(findTestObject("Products/Cerberus/LoginLogout/Password"), 15): Object 'Object Repository/Products/Cerberus/LoginLogout/Password' is visible

2019-03-19 14:40:49 - [MESSAGE][PASSED] - Object 'Object Repository/Products/Cerberus/LoginLogout/Password' is visible

2019-03-19 14:40:49 - [TEST_STEP][PASSED] - setMaskedText(findTestObject("Products/Cerberus/LoginLogout/Password"), "qAisgr8!@"): Text '*********' is set on object 'Object Repository/Products/Cerberus/LoginLogout/Password'

2019-03-19 14:40:49 - [MESSAGE][PASSED] - Text '*********' is set on object 'Object Repository/Products/Cerberus/LoginLogout/Password'

2019-03-19 14:40:49 - [TEST_STEP][PASSED] - waitForElementClickable(findTestObject("Products/Cerberus/LoginLogout/PasswordNextButton"), 15): Object 'Object Repository/Products/Cerberus/LoginLogout/PasswordNextButton' is clickable

2019-03-19 14:40:49 - [MESSAGE][PASSED] - Object 'Object Repository/Products/Cerberus/LoginLogout/PasswordNextButton' is clickable

2019-03-19 14:40:49 - [TEST_STEP][PASSED] - click(findTestObject("Products/Cerberus/LoginLogout/PasswordNextButton")): Object: 'Object Repository/Products/Cerberus/LoginLogout/PasswordNextButton' is clicked on

2019-03-19 14:40:52 - [MESSAGE][PASSED] - Object: 'Object Repository/Products/Cerberus/LoginLogout/PasswordNextButton' is clicked on

2019-03-19 14:40:52 - [TEST_STEP][PASSED] - delay(5): Delayed 5 second(s)

2019-03-19 14:40:57 - [MESSAGE][PASSED] - Delayed 5 second(s)

2019-03-19 14:40:57 - [TEST_STEP][PASSED] - waitForElementClickable(findTestObject("Products/Cerberus/LoginLogout/TenantQATestUtilityCompany"), 15): Object 'Object Repository/Products/Cerberus/LoginLogout/TenantQATestUtilityCompany' is clickable

2019-03-19 14:40:57 - [MESSAGE][PASSED] - Object 'Object Repository/Products/Cerberus/LoginLogout/TenantQATestUtilityCompany' is clickable

2019-03-19 14:40:57 - [TEST_STEP][PASSED] - click(findTestObject("Products/Cerberus/LoginLogout/TenantQATestUtilityCompany")): Object: 'Object Repository/Products/Cerberus/LoginLogout/TenantQATestUtilityCompany' is clicked on

2019-03-19 14:40:58 - [MESSAGE][PASSED] - Object: 'Object Repository/Products/Cerberus/LoginLogout/TenantQATestUtilityCompany' is clicked on

2019-03-19 14:40:58 - [TEST_STEP][PASSED] - verifyElementText(findTestObject("Products/Cerberus/LoginLogout/TenantQATestUtilityCompany"), "QA Test Utility Company"): Actual text and expected text of test object 'Object Repository/Products/Cerberus/LoginLogout/TenantQATestUtilityCompany' are matched.

2019-03-19 14:40:58 - [MESSAGE][PASSED] - Actual text and expected text of test object 'Object Repository/Products/Cerberus/LoginLogout/TenantQATestUtilityCompany' are matched.

2019-03-19 14:40:58 - [TEST_STEP][PASSED] - waitForElementClickable(findTestObject("Products/Cerberus/LoginLogout/TenantSubmitButton"), 15): Object 'Object Repository/Products/Cerberus/LoginLogout/TenantSubmitButton' is clickable

2019-03-19 14:40:58 - [MESSAGE][PASSED] - Object 'Object Repository/Products/Cerberus/LoginLogout/TenantSubmitButton' is clickable

2019-03-19 14:40:58 - [TEST_STEP][PASSED] - click(findTestObject("Products/Cerberus/LoginLogout/TenantSubmitButton")): Object: 'Object Repository/Products/Cerberus/LoginLogout/TenantSubmitButton' is clicked on

2019-03-19 14:40:58 - [MESSAGE][PASSED] - Object: 'Object Repository/Products/Cerberus/LoginLogout/TenantSubmitButton' is clicked on

2019-03-19 14:40:58 - [TEST_STEP][PASSED] - waitForElementClickable(findTestObject("Products/Cerberus/LoginLogout/ChooseApp-Templates"), 15): Object 'Object Repository/Products/Cerberus/LoginLogout/ChooseApp-Templates' is clickable

2019-03-19 14:40:58 - [MESSAGE][PASSED] - Object 'Object Repository/Products/Cerberus/LoginLogout/ChooseApp-Templates' is clickable

2019-03-19 14:40:58 - [TEST_STEP][PASSED] - click(findTestObject("Products/Cerberus/LoginLogout/ChooseApp-Templates")): Object: 'Object Repository/Products/Cerberus/LoginLogout/ChooseApp-Templates' is clicked on

2019-03-19 14:40:58 - [MESSAGE][PASSED] - Object: 'Object Repository/Products/Cerberus/LoginLogout/ChooseApp-Templates' is clicked on

2019-03-19 14:40:58 - [TEST_STEP][PASSED] - waitForElementClickable(findTestObject("Products/Cerberus/LoginLogout/SubmitButton_ChooseApp"), 15): Object 'Object Repository/Products/Cerberus/LoginLogout/SubmitButton_ChooseApp' is clickable

2019-03-19 14:40:58 - [MESSAGE][PASSED] - Object 'Object Repository/Products/Cerberus/LoginLogout/SubmitButton_ChooseApp' is clickable

2019-03-19 14:40:58 - [TEST_STEP][PASSED] - click(findTestObject("Products/Cerberus/LoginLogout/SubmitButton_ChooseApp")): Object: 'Object Repository/Products/Cerberus/LoginLogout/SubmitButton_ChooseApp' is clicked on

2019-03-19 14:40:59 - [MESSAGE][PASSED] - Object: 'Object Repository/Products/Cerberus/LoginLogout/SubmitButton_ChooseApp' is clicked on

2019-03-19 14:40:59 - [TEST_STEP][PASSED] - delay(1): Delayed 1 second(s)

2019-03-19 14:41:00 - [MESSAGE][PASSED] - Delayed 1 second(s)

2019-03-19 14:41:00 - [TEST_STEP][PASSED] - verifyTextPresent("Latest Activity", false): Text 'Latest Activity' is present on page 

2019-03-19 14:41:00 - [MESSAGE][PASSED] - Text 'Latest Activity' is present on page 

2019-03-19 14:41:00 - [TEST_STEP][PASSED] - log.logWarning("--- End Login ---"): --- End Login ---

2019-03-19 14:41:00 - [MESSAGE][WARNING] - --- End Login ---

2019-03-19 14:41:00 - [MESSAGE][PASSED] - Call Test Case 'Test Cases/Products/Cerberus/Login-Logout/TemplateLoginNCQATestUtility' successfully

2019-03-19 14:41:00 - [TEST_STEP][PASSED] - delay(4): Delayed 4 second(s)

2019-03-19 14:41:04 - [MESSAGE][PASSED] - Delayed 4 second(s)

2019-03-19 14:41:04 - [TEST_STEP][PASSED] - click(findTestObject("Products/TemplateApp/Templates/Common/SelectTemplates")): Object: 'Object Repository/Products/TemplateApp/Templates/Common/SelectTemplates' is clicked on

2019-03-19 14:41:05 - [MESSAGE][PASSED] - Object: 'Object Repository/Products/TemplateApp/Templates/Common/SelectTemplates' is clicked on

2019-03-19 14:41:05 - [TEST_STEP][PASSED] - delay(2): Delayed 2 second(s)

2019-03-19 14:41:07 - [MESSAGE][PASSED] - Delayed 2 second(s)

2019-03-19 14:41:07 - [TEST_STEP][PASSED] - click(findTestObject("Products/TemplateApp/SelectEnvironment/downCaret")): Object: 'Object Repository/Products/TemplateApp/SelectEnvironment/downCaret' is clicked on

2019-03-19 14:41:07 - [MESSAGE][PASSED] - Object: 'Object Repository/Products/TemplateApp/SelectEnvironment/downCaret' is clicked on

2019-03-19 14:41:07 - [TEST_STEP][PASSED] - click(findTestObject("Products/TemplateApp/SelectEnvironment/SelectEnvironmentDevelop")): Object: 'Object Repository/Products/TemplateApp/SelectEnvironment/SelectEnvironmentDevelop' is clicked on

2019-03-19 14:41:07 - [MESSAGE][PASSED] - Object: 'Object Repository/Products/TemplateApp/SelectEnvironment/SelectEnvironmentDevelop' is clicked on

2019-03-19 14:41:07 - [TEST_STEP][PASSED] - delay(2): Delayed 2 second(s)

2019-03-19 14:41:09 - [MESSAGE][PASSED] - Delayed 2 second(s)

2019-03-19 14:41:09 - [TEST_STEP][PASSED] - click(findTestObject("Products/TemplateApp/Templates/Email/SelectEmail")): Object: 'Object Repository/Products/TemplateApp/Templates/Email/SelectEmail' is clicked on

2019-03-19 14:41:09 - [MESSAGE][PASSED] - Object: 'Object Repository/Products/TemplateApp/Templates/Email/SelectEmail' is clicked on

2019-03-19 14:41:09 - [TEST_STEP][PASSED] - click(findTestObject("Products/TemplateApp/Templates/Email/PostingRegistrationAffirmationForm")): Object: 'Object Repository/Products/TemplateApp/Templates/Email/PostingRegistrationAffirmationForm' is clicked on

2019-03-19 14:41:10 - [MESSAGE][PASSED] - Object: 'Object Repository/Products/TemplateApp/Templates/Email/PostingRegistrationAffirmationForm' is clicked on

2019-03-19 14:41:10 - [TEST_STEP][PASSED] - verifyElementText(findTestObject("Products/TemplateApp/Templates/Common/FormHeaderText"), "POSTING_REGISTRATION_AFFIRMATION.NJK"): Actual text and expected text of test object 'Object Repository/Products/TemplateApp/Templates/Common/FormHeaderText' are matched.

2019-03-19 14:41:10 - [MESSAGE][PASSED] - Actual text and expected text of test object 'Object Repository/Products/TemplateApp/Templates/Common/FormHeaderText' are matched.

2019-03-19 14:41:10 - [TEST_STEP][PASSED] - waitForElementClickable(findTestObject("Products/TemplateApp/Templates/Common/PreviewButton"), 10): Object 'Object Repository/Products/TemplateApp/Templates/Common/PreviewButton' is clickable

2019-03-19 14:41:10 - [MESSAGE][PASSED] - Object 'Object Repository/Products/TemplateApp/Templates/Common/PreviewButton' is clickable

2019-03-19 14:41:10 - [TEST_STEP][PASSED] - click(findTestObject("Products/TemplateApp/Templates/Common/PreviewButton")): Object: 'Object Repository/Products/TemplateApp/Templates/Common/PreviewButton' is clicked on

2019-03-19 14:41:10 - [MESSAGE][PASSED] - Object: 'Object Repository/Products/TemplateApp/Templates/Common/PreviewButton' is clicked on

2019-03-19 14:41:10 - [TEST_STEP][PASSED] - delay(5): Delayed 5 second(s)

2019-03-19 14:41:15 - [MESSAGE][PASSED] - Delayed 5 second(s)

2019-03-19 14:41:15 - [TEST_STEP][PASSED] - verifyElementText(findTestObject("Products/TemplateApp/Templates/Common/PreviewHeader"), "PREVIEW"): Actual text and expected text of test object 'Object Repository/Products/TemplateApp/Templates/Common/PreviewHeader' are matched.

2019-03-19 14:41:15 - [MESSAGE][PASSED] - Actual text and expected text of test object 'Object Repository/Products/TemplateApp/Templates/Common/PreviewHeader' are matched.

2019-03-19 14:41:15 - [TEST_STEP][PASSED] - click(findTestObject("Products/TemplateApp/Templates/Common/ClosePreview")): Object: 'Object Repository/Products/TemplateApp/Templates/Common/ClosePreview' is clicked on

2019-03-19 14:41:16 - [MESSAGE][PASSED] - Object: 'Object Repository/Products/TemplateApp/Templates/Common/ClosePreview' is clicked on

2019-03-19 14:41:16 - [TEST_STEP][PASSED] - verifyElementPresent(findTestObject("Products/TemplateApp/Templates/Common/FormHeaderText"), 2): Object 'Object Repository/Products/TemplateApp/Templates/Common/FormHeaderText' is present

2019-03-19 14:41:16 - [MESSAGE][PASSED] - Object 'Object Repository/Products/TemplateApp/Templates/Common/FormHeaderText' is present

2019-03-19 14:41:16 - [TEST_STEP][PASSED] - closeBrowser(): Browser is closed

2019-03-19 14:41:16 - [MESSAGE][PASSED] - Browser is closed]]></system-out>
         <system-err><![CDATA[]]></system-err>
      </testcase>
      <testcase name="Test Cases/Products/TemplateApp/Templates/Email/English/VerifyPreviewLinkOfPostingRegistrationAffirmation" classname="Test Cases/Products/TemplateApp/Templates/Email/English/VerifyPreviewLinkOfPostingRegistrationAffirmation" status="PASSED">
         <system-out><![CDATA[2019-03-19 14:41:16 - [TEST_CASE][PASSED] - Test Cases/Products/TemplateApp/Templates/Email/English/VerifyPreviewLinkOfPostingRegistrationAffirmation: Test Cases/Products/TemplateApp/Templates/Email/English/VerifyPreviewLinkOfPostingRegistrationAffirmation

2019-03-19 14:41:16 - [TEST_STEP][PASSED] - callTestCase(findTestCase("Products/Cerberus/Login-Logout/TemplateLoginNCQATestUtility"), [:], STOP_ON_FAILURE): Call Test Case 'Test Cases/Products/Cerberus/Login-Logout/TemplateLoginNCQATestUtility' successfully

2019-03-19 14:41:16 - [TEST_CASE][PASSED] - Test Cases/Products/Cerberus/Login-Logout/TemplateLoginNCQATestUtility: Test Cases/Products/Cerberus/Login-Logout/TemplateLoginNCQATestUtility

2019-03-19 14:41:16 - [TEST_STEP][PASSED] - log = new com.kms.katalon.core.logging.KeywordLogger(): null

2019-03-19 14:41:16 - [TEST_STEP][PASSED] - comment("Open browser and Login"): Open browser and Login

2019-03-19 14:41:16 - [MESSAGE][INFO] - Open browser and Login

2019-03-19 14:41:16 - [TEST_STEP][PASSED] - openBrowser(G_DefaultSiteURL): Browser is opened with url: 'https://dev.kubra.io'

2019-03-19 14:41:16 - [MESSAGE][INFO] - Starting 'Firefox' driver

2019-03-19 14:41:20 - [MESSAGE][PASSED] - Browser is opened with url: 'https://dev.kubra.io'

2019-03-19 14:41:20 - [TEST_STEP][PASSED] - waitForPageLoad(G_ShortTimeout): Wait for page load successfully

2019-03-19 14:41:20 - [MESSAGE][PASSED] - Wait for page load successfully

2019-03-19 14:41:20 - [TEST_STEP][PASSED] - maximizeWindow(): Current window maximized

2019-03-19 14:41:20 - [MESSAGE][PASSED] - Current window maximized

2019-03-19 14:41:20 - [TEST_STEP][PASSED] - log.logWarning("--- Begin Login ---"): --- Begin Login ---

2019-03-19 14:41:20 - [MESSAGE][WARNING] - --- Begin Login ---

2019-03-19 14:41:20 - [TEST_STEP][PASSED] - log.logWarning("Logging in to environment - " + G_DefaultSiteURL): Logging in to environment - https://dev.kubra.io

2019-03-19 14:41:20 - [MESSAGE][WARNING] - Logging in to environment - https://dev.kubra.io

2019-03-19 14:41:20 - [TEST_STEP][PASSED] - waitForElementClickable(findTestObject("Products/Cerberus/LoginLogout/LogInWithGoogle"), 15): Object 'Object Repository/Products/Cerberus/LoginLogout/LogInWithGoogle' is clickable

2019-03-19 14:41:21 - [MESSAGE][PASSED] - Object 'Object Repository/Products/Cerberus/LoginLogout/LogInWithGoogle' is clickable

2019-03-19 14:41:21 - [TEST_STEP][PASSED] - delay(2): Delayed 2 second(s)

2019-03-19 14:41:23 - [MESSAGE][PASSED] - Delayed 2 second(s)

2019-03-19 14:41:23 - [TEST_STEP][PASSED] - click(findTestObject("Products/Cerberus/LoginLogout/LogInWithGoogle")): Object: 'Object Repository/Products/Cerberus/LoginLogout/LogInWithGoogle' is clicked on

2019-03-19 14:41:24 - [MESSAGE][PASSED] - Object: 'Object Repository/Products/Cerberus/LoginLogout/LogInWithGoogle' is clicked on

2019-03-19 14:41:24 - [TEST_STEP][PASSED] - waitForElementVisible(findTestObject("Products/Cerberus/LoginLogout/UserName"), 15): Object 'Object Repository/Products/Cerberus/LoginLogout/UserName' is visible

2019-03-19 14:41:24 - [MESSAGE][PASSED] - Object 'Object Repository/Products/Cerberus/LoginLogout/UserName' is visible

2019-03-19 14:41:24 - [TEST_STEP][PASSED] - setMaskedText(findTestObject("Products/Cerberus/LoginLogout/UserName"), "tempeqa@kubra.com"): Text '*****************' is set on object 'Object Repository/Products/Cerberus/LoginLogout/UserName'

2019-03-19 14:41:25 - [MESSAGE][PASSED] - Text '*****************' is set on object 'Object Repository/Products/Cerberus/LoginLogout/UserName'

2019-03-19 14:41:25 - [TEST_STEP][PASSED] - waitForElementVisible(findTestObject("Products/Cerberus/LoginLogout/UserNameNextButton"), 15): Object 'Object Repository/Products/Cerberus/LoginLogout/UserNameNextButton' is visible

[...]

2019-03-19 14:53:39 - [TEST_STEP][PASSED] - delay(1): Delayed 1 second(s)

2019-03-19 14:53:40 - [MESSAGE][PASSED] - Delayed 1 second(s)

2019-03-19 14:53:40 - [TEST_STEP][PASSED] - verifyTextPresent("Latest Activity", false): Text 'Latest Activity' is present on page 

2019-03-19 14:53:40 - [MESSAGE][PASSED] - Text 'Latest Activity' is present on page 

2019-03-19 14:53:40 - [TEST_STEP][PASSED] - log.logWarning("--- End Login ---"): --- End Login ---

2019-03-19 14:53:40 - [MESSAGE][WARNING] - --- End Login ---

2019-03-19 14:53:40 - [MESSAGE][PASSED] - Call Test Case 'Test Cases/Products/Cerberus/Login-Logout/TemplateLoginNCQATestUtility' successfully

2019-03-19 14:53:40 - [TEST_STEP][PASSED] - delay(4): Delayed 4 second(s)

2019-03-19 14:53:44 - [MESSAGE][PASSED] - Delayed 4 second(s)

2019-03-19 14:53:44 - [TEST_STEP][PASSED] - driver = getWebDriver(): null

2019-03-19 14:53:44 - [TEST_STEP][PASSED] - click(findTestObject("Products/TemplateApp/Templates/Common/SelectTemplates")): Object: 'Object Repository/Products/TemplateApp/Templates/Common/SelectTemplates' is clicked on

2019-03-19 14:53:44 - [MESSAGE][PASSED] - Object: 'Object Repository/Products/TemplateApp/Templates/Common/SelectTemplates' is clicked on

2019-03-19 14:53:44 - [TEST_STEP][PASSED] - delay(2): Delayed 2 second(s)

2019-03-19 14:53:46 - [MESSAGE][PASSED] - Delayed 2 second(s)

2019-03-19 14:53:46 - [TEST_STEP][PASSED] - click(findTestObject("Products/TemplateApp/SelectEnvironment/DownCaret")): Object: 'Object Repository/Products/TemplateApp/SelectEnvironment/DownCaret' is clicked on

2019-03-19 14:53:47 - [MESSAGE][PASSED] - Object: 'Object Repository/Products/TemplateApp/SelectEnvironment/DownCaret' is clicked on

2019-03-19 14:53:47 - [TEST_STEP][PASSED] - click(findTestObject("Products/TemplateApp/SelectEnvironment/SelectEnvironmentDevelop")): Object: 'Object Repository/Products/TemplateApp/SelectEnvironment/SelectEnvironmentDevelop' is clicked on

2019-03-19 14:53:47 - [MESSAGE][PASSED] - Object: 'Object Repository/Products/TemplateApp/SelectEnvironment/SelectEnvironmentDevelop' is clicked on

2019-03-19 14:53:47 - [TEST_STEP][PASSED] - delay(2): Delayed 2 second(s)

2019-03-19 14:53:49 - [MESSAGE][PASSED] - Delayed 2 second(s)

2019-03-19 14:53:49 - [TEST_STEP][PASSED] - click(findTestObject("Products/TemplateApp/Templates/IVR/SelectIVR")): Object: 'Object Repository/Products/TemplateApp/Templates/IVR/SelectIVR' is clicked on

2019-03-19 14:53:49 - [MESSAGE][PASSED] - Object: 'Object Repository/Products/TemplateApp/Templates/IVR/SelectIVR' is clicked on

2019-03-19 14:53:49 - [TEST_STEP][PASSED] - click(findTestObject("Products/TemplateApp/Templates/IVR/VoiceBadActionForm")): Object: 'Object Repository/Products/TemplateApp/Templates/IVR/VoiceBadActionForm' is clicked on

2019-03-19 14:53:49 - [MESSAGE][PASSED] - Object: 'Object Repository/Products/TemplateApp/Templates/IVR/VoiceBadActionForm' is clicked on

2019-03-19 14:53:49 - [TEST_STEP][PASSED] - delay(4): Delayed 4 second(s)

2019-03-19 14:53:53 - [MESSAGE][PASSED] - Delayed 4 second(s)

2019-03-19 14:53:53 - [TEST_STEP][PASSED] - click(findTestObject("Products/TemplateApp/Templates/Common/SelectTextareaSpan")): Object: 'Object Repository/Products/TemplateApp/Templates/Common/SelectTextareaSpan' is clicked on

2019-03-19 14:53:54 - [MESSAGE][PASSED] - Object: 'Object Repository/Products/TemplateApp/Templates/Common/SelectTextareaSpan' is clicked on

2019-03-19 14:53:54 - [TEST_STEP][PASSED] - doubleClick(findTestObject("Products/TemplateApp/Templates/Common/SelectTextareaSpan")): Object: 'Object Repository/Products/TemplateApp/Templates/Common/SelectTextareaSpan' is double clicked on

2019-03-19 14:53:54 - [MESSAGE][PASSED] - Object: 'Object Repository/Products/TemplateApp/Templates/Common/SelectTextareaSpan' is double clicked on

2019-03-19 14:53:54 - [TEST_STEP][PASSED] - sendKeys(findTestObject("Products/TemplateApp/Templates/Common/Textarea"), Keys.chord(DELETE)): Keys 'DELETE + ' sent to object: 'Object Repository/Products/TemplateApp/Templates/Common/Textarea'

2019-03-19 14:53:54 - [MESSAGE][PASSED] - Keys 'DELETE + ' sent to object: 'Object Repository/Products/TemplateApp/Templates/Common/Textarea'

2019-03-19 14:53:54 - [TEST_STEP][PASSED] - tools.WebUICustomKeywords.enterUsingJS(findTestObject("Products/TemplateApp/Templates/Common/Textarea"), 10): tools.WebUICustomKeywords.enterUsingJS is PASSED

2019-03-19 14:53:54 - [MESSAGE][PASSED] - tools.WebUICustomKeywords.enterUsingJS is PASSED

2019-03-19 14:53:54 - [TEST_STEP][PASSED] - delay(4): Delayed 4 second(s)

2019-03-19 14:53:58 - [MESSAGE][PASSED] - Delayed 4 second(s)

2019-03-19 14:53:58 - [TEST_STEP][PASSED] - setText(findTestObject("Products/TemplateApp/Templates/Common/CommitMessageField"), commitNumber): Text 'felis' is set on object 'Object Repository/Products/TemplateApp/Templates/Common/CommitMessageField'

2019-03-19 14:53:58 - [MESSAGE][PASSED] - Text 'felis' is set on object 'Object Repository/Products/TemplateApp/Templates/Common/CommitMessageField'

2019-03-19 14:53:58 - [TEST_STEP][PASSED] - click(findTestObject("Products/TemplateApp/Templates/Common/SaveButton")): Object: 'Object Repository/Products/TemplateApp/Templates/Common/SaveButton' is clicked on

2019-03-19 14:53:58 - [MESSAGE][PASSED] - Object: 'Object Repository/Products/TemplateApp/Templates/Common/SaveButton' is clicked on

2019-03-19 14:53:58 - [TEST_STEP][PASSED] - click(findTestObject("Products/TemplateApp/Templates/IVR/VoiceBadActionForm")): Object: 'Object Repository/Products/TemplateApp/Templates/IVR/VoiceBadActionForm' is clicked on

2019-03-19 14:54:01 - [MESSAGE][PASSED] - Object: 'Object Repository/Products/TemplateApp/Templates/IVR/VoiceBadActionForm' is clicked on

2019-03-19 14:54:01 - [TEST_STEP][PASSED] - click(findTestObject("Products/TemplateApp/Templates/Common/SelectHistory")): Object: 'Object Repository/Products/TemplateApp/Templates/Common/SelectHistory' is clicked on

2019-03-19 14:54:02 - [MESSAGE][PASSED] - Object: 'Object Repository/Products/TemplateApp/Templates/Common/SelectHistory' is clicked on

2019-03-19 14:54:02 - [TEST_STEP][PASSED] - click(findTestObject("Products/TemplateApp/Templates/Common/ExpandHistory")): Object: 'Object Repository/Products/TemplateApp/Templates/Common/ExpandHistory' is clicked on

2019-03-19 14:54:02 - [MESSAGE][PASSED] - Object: 'Object Repository/Products/TemplateApp/Templates/Common/ExpandHistory' is clicked on

2019-03-19 14:54:02 - [TEST_STEP][PASSED] - delay(4): Delayed 4 second(s)

2019-03-19 14:54:06 - [MESSAGE][PASSED] - Delayed 4 second(s)

2019-03-19 14:54:06 - [TEST_STEP][PASSED] - getText(findTestObject("Products/TemplateApp/Templates/Common/VerifyCommitMessageField")): Text of object 'Object Repository/Products/TemplateApp/Templates/Common/VerifyCommitMessageField' is: 'mandamus'

2019-03-19 14:54:06 - [MESSAGE][PASSED] - Text of object 'Object Repository/Products/TemplateApp/Templates/Common/VerifyCommitMessageField' is: 'mandamus'

2019-03-19 14:54:06 - [TEST_STEP][FAILED] - verifyElementText(findTestObject("Products/TemplateApp/Templates/Common/VerifyCommitMessageField"), commitNumber): verifyElementText(findTestObject("Products/TemplateApp/Templates/Common/VerifyCommitMessageField"), commitNumber) FAILED.
Reason:
com.kms.katalon.core.exception.StepFailedException: Verify element text of test object 'Object Repository/Products/TemplateApp/Templates/Common/VerifyCommitMessageField' FAILED.
	at com.kms.katalon.core.keyword.internal.KeywordMain.stepFailed(KeywordMain.groovy:48)
	at com.kms.katalon.core.webui.keyword.internal.WebUIKeywordMain.stepFailed(WebUIKeywordMain.groovy:65)
	at com.kms.katalon.core.webui.keyword.internal.WebUIKeywordMain.runKeyword(WebUIKeywordMain.groovy:27)
	at com.kms.katalon.core.webui.keyword.builtin.VerifyElementTextKeyword.verifyElementText(VerifyElementTextKeyword.groovy:72)
	at com.kms.katalon.core.webui.keyword.builtin.VerifyElementTextKeyword.execute(VerifyElementTextKeyword.groovy:40)
	at com.kms.katalon.core.keyword.internal.KeywordExecutor.executeKeywordForPlatform(KeywordExecutor.groovy:56)
	at com.kms.katalon.core.webui.keyword.WebUiBuiltInKeywords.verifyElementText(WebUiBuiltInKeywords.groovy:3663)
	at com.kms.katalon.core.webui.keyword.WebUiBuiltInKeywords$verifyElementText$6.call(Unknown Source)
	at EditVoiceBadActionTemplate.run(EditVoiceBadActionTemplate:82)
	at com.kms.katalon.core.main.ScriptEngine.run(ScriptEngine.java:194)
	at com.kms.katalon.core.main.ScriptEngine.runScriptAsRawText(ScriptEngine.java:119)
	at com.kms.katalon.core.main.TestCaseExecutor.runScript(TestCaseExecutor.java:331)
	at com.kms.katalon.core.main.TestCaseExecutor.doExecute(TestCaseExecutor.java:322)
	at com.kms.katalon.core.main.TestCaseExecutor.processExecutionPhase(TestCaseExecutor.java:301)
	at com.kms.katalon.core.main.TestCaseExecutor.accessMainPhase(TestCaseExecutor.java:293)
	at com.kms.katalon.core.main.TestCaseExecutor.execute(TestCaseExecutor.java:227)
	at com.kms.katalon.core.main.TestSuiteExecutor.accessTestCaseMainPhase(TestSuiteExecutor.java:129)
	at com.kms.katalon.core.main.TestSuiteExecutor.accessTestSuiteMainPhase(TestSuiteExecutor.java:112)
	at com.kms.katalon.core.main.TestSuiteExecutor.execute(TestSuiteExecutor.java:81)
	at com.kms.katalon.core.main.TestCaseMain.startTestSuite(TestCaseMain.java:157)
	at com.kms.katalon.core.main.TestCaseMain$startTestSuite$0.call(Unknown Source)
	at TempTestSuite1553031519664.run(TempTestSuite1553031519664.groovy:35)


2019-03-19 14:54:06 - [MESSAGE][FAILED] - Actual text 'mandamus' and expected text 'felis' of test object 'Object Repository/Products/TemplateApp/Templates/Common/VerifyCommitMessageField' are NOT matched.
[[ATTACHMENT|/Users/pshukla/Documents/Katalon Studio/qa-templates/Reports/Templates/20190319_143829/1553032446397.png]]

2019-03-19 14:54:06 - [MESSAGE][FAILED] - Verify element text of test object 'Object Repository/Products/TemplateApp/Templates/Common/VerifyCommitMessageField' FAILED.
[[ATTACHMENT|/Users/pshukla/Documents/Katalon Studio/qa-templates/Reports/Templates/20190319_143829/1553032446582.png]]

2019-03-19 14:54:06 - [MESSAGE][FAILED] - verifyElementText(findTestObject("Products/TemplateApp/Templates/Common/VerifyCommitMessageField"), commitNumber) FAILED.
Reason:
com.kms.katalon.core.exception.StepFailedException: Verify element text of test object 'Object Repository/Products/TemplateApp/Templates/Common/VerifyCommitMessageField' FAILED.
	at com.kms.katalon.core.keyword.internal.KeywordMain.stepFailed(KeywordMain.groovy:48)
	at com.kms.katalon.core.webui.keyword.internal.WebUIKeywordMain.stepFailed(WebUIKeywordMain.groovy:65)
	at com.kms.katalon.core.webui.keyword.internal.WebUIKeywordMain.runKeyword(WebUIKeywordMain.groovy:27)
	at com.kms.katalon.core.webui.keyword.builtin.VerifyElementTextKeyword.verifyElementText(VerifyElementTextKeyword.groovy:72)
	at com.kms.katalon.core.webui.keyword.builtin.VerifyElementTextKeyword.execute(VerifyElementTextKeyword.groovy:40)
	at com.kms.katalon.core.keyword.internal.KeywordExecutor.executeKeywordForPlatform(KeywordExecutor.groovy:56)
	at com.kms.katalon.core.webui.keyword.WebUiBuiltInKeywords.verifyElementText(WebUiBuiltInKeywords.groovy:3663)
	at com.kms.katalon.core.webui.keyword.WebUiBuiltInKeywords$verifyElementText$6.call(Unknown Source)
	at EditVoiceBadActionTemplate.run(EditVoiceBadActionTemplate:82)
	at com.kms.katalon.core.main.ScriptEngine.run(ScriptEngine.java:194)
	at com.kms.katalon.core.main.ScriptEngine.runScriptAsRawText(ScriptEngine.java:119)
	at com.kms.katalon.core.main.TestCaseExecutor.runScript(TestCaseExecutor.java:331)
	at com.kms.katalon.core.main.TestCaseExecutor.doExecute(TestCaseExecutor.java:322)
	at com.kms.katalon.core.main.TestCaseExecutor.processExecutionPhase(TestCaseExecutor.java:301)
	at com.kms.katalon.core.main.TestCaseExecutor.accessMainPhase(TestCaseExecutor.java:293)
	at com.kms.katalon.core.main.TestCaseExecutor.execute(TestCaseExecutor.java:227)
	at com.kms.katalon.core.main.TestSuiteExecutor.accessTestCaseMainPhase(TestSuiteExecutor.java:129)
	at com.kms.katalon.core.main.TestSuiteExecutor.accessTestSuiteMainPhase(TestSuiteExecutor.java:112)
	at com.kms.katalon.core.main.TestSuiteExecutor.execute(TestSuiteExecutor.java:81)
	at com.kms.katalon.core.main.TestCaseMain.startTestSuite(TestCaseMain.java:157)
	at com.kms.katalon.core.main.TestCaseMain$startTestSuite$0.call(Unknown Source)
	at TempTestSuite1553031519664.run(TempTestSuite1553031519664.groovy:35)]]></system-out>
         <system-err><![CDATA[2019-03-19 14:53:19 - [TEST_CASE][FAILED] - Test Cases/Products/TemplateApp/Templates/IVR/EditVoiceBadActionTemplate: Test Cases/Products/TemplateApp/Templates/IVR/EditVoiceBadActionTemplate FAILED.
Reason:
com.kms.katalon.core.exception.StepFailedException: Verify element text of test object 'Object Repository/Products/TemplateApp/Templates/Common/VerifyCommitMessageField' FAILED.
	at com.kms.katalon.core.keyword.internal.KeywordMain.stepFailed(KeywordMain.groovy:48)
	at com.kms.katalon.core.webui.keyword.internal.WebUIKeywordMain.stepFailed(WebUIKeywordMain.groovy:65)
	at com.kms.katalon.core.webui.keyword.internal.WebUIKeywordMain.runKeyword(WebUIKeywordMain.groovy:27)
	at com.kms.katalon.core.webui.keyword.builtin.VerifyElementTextKeyword.verifyElementText(VerifyElementTextKeyword.groovy:72)
	at com.kms.katalon.core.webui.keyword.builtin.VerifyElementTextKeyword.execute(VerifyElementTextKeyword.groovy:40)
	at com.kms.katalon.core.keyword.internal.KeywordExecutor.executeKeywordForPlatform(KeywordExecutor.groovy:56)
	at com.kms.katalon.core.webui.keyword.WebUiBuiltInKeywords.verifyElementText(WebUiBuiltInKeywords.groovy:3663)
	at com.kms.katalon.core.webui.keyword.WebUiBuiltInKeywords$verifyElementText$6.call(Unknown Source)
	at EditVoiceBadActionTemplate.run(EditVoiceBadActionTemplate:82)
	at com.kms.katalon.core.main.ScriptEngine.run(ScriptEngine.java:194)
	at com.kms.katalon.core.main.ScriptEngine.runScriptAsRawText(ScriptEngine.java:119)
	at com.kms.katalon.core.main.TestCaseExecutor.runScript(TestCaseExecutor.java:331)
	at com.kms.katalon.core.main.TestCaseExecutor.doExecute(TestCaseExecutor.java:322)
	at com.kms.katalon.core.main.TestCaseExecutor.processExecutionPhase(TestCaseExecutor.java:301)
	at com.kms.katalon.core.main.TestCaseExecutor.accessMainPhase(TestCaseExecutor.java:293)
	at com.kms.katalon.core.main.TestCaseExecutor.execute(TestCaseExecutor.java:227)
	at com.kms.katalon.core.main.TestSuiteExecutor.accessTestCaseMainPhase(TestSuiteExecutor.java:129)
	at com.kms.katalon.core.main.TestSuiteExecutor.accessTestSuiteMainPhase(TestSuiteExecutor.java:112)
	at com.kms.katalon.core.main.TestSuiteExecutor.execute(TestSuiteExecutor.java:81)
	at com.kms.katalon.core.main.TestCaseMain.startTestSuite(TestCaseMain.java:157)
	at com.kms.katalon.core.main.TestCaseMain$startTestSuite$0.call(Unknown Source)
	at TempTestSuite1553031519664.run(TempTestSuite1553031519664.groovy:35)]]></system-err>
      </testcase>
      <system-out><![CDATA[2019-03-19 14:38:41 - [TEST_SUITE][FAILED] - Templates: Test Cases/Products/TemplateApp/Templates/Email/English/EditContactAutoPausedTemplate FAILED.
Reason:
com.kms.katalon.core.exception.StepFailedException: Verify element text of test object 'Object Repository/Products/TemplateApp/Templates/Common/VerifyCommitMessageField' FAILED.
	at com.kms.katalon.core.keyword.internal.KeywordMain.stepFailed(KeywordMain.groovy:48)
	at com.kms.katalon.core.webui.keyword.internal.WebUIKeywordMain.stepFailed(WebUIKeywordMain.groovy:65)
	at com.kms.katalon.core.webui.keyword.internal.WebUIKeywordMain.runKeyword(WebUIKeywordMain.groovy:27)
	at com.kms.katalon.core.webui.keyword.builtin.VerifyElementTextKeyword.verifyElementText(VerifyElementTextKeyword.groovy:72)
	at com.kms.katalon.core.webui.keyword.builtin.VerifyElementTextKeyword.execute(VerifyElementTextKeyword.groovy:40)
	at com.kms.katalon.core.keyword.internal.KeywordExecutor.executeKeywordForPlatform(KeywordExecutor.groovy:56)
	at com.kms.katalon.core.webui.keyword.WebUiBuiltInKeywords.verifyElementText(WebUiBuiltInKeywords.groovy:3663)
	at com.kms.katalon.core.webui.keyword.WebUiBuiltInKeywords$verifyElementText$6.call(Unknown Source)
	at EditContactAutoPausedTemplate.run(EditContactAutoPausedTemplate:81)
	at com.kms.katalon.core.main.ScriptEngine.run(ScriptEngine.java:194)
	at com.kms.katalon.core.main.ScriptEngine.runScriptAsRawText(ScriptEngine.java:119)
	at com.kms.katalon.core.main.TestCaseExecutor.runScript(TestCaseExecutor.java:331)
	at com.kms.katalon.core.main.TestCaseExecutor.doExecute(TestCaseExecutor.java:322)
	at com.kms.katalon.core.main.TestCaseExecutor.processExecutionPhase(TestCaseExecutor.java:301)
	at com.kms.katalon.core.main.TestCaseExecutor.accessMainPhase(TestCaseExecutor.java:293)
	at com.kms.katalon.core.main.TestCaseExecutor.execute(TestCaseExecutor.java:227)
	at com.kms.katalon.core.main.TestSuiteExecutor.accessTestCaseMainPhase(TestSuiteExecutor.java:129)
	at com.kms.katalon.core.main.TestSuiteExecutor.accessTestSuiteMainPhase(TestSuiteExecutor.java:112)
	at com.kms.katalon.core.main.TestSuiteExecutor.execute(TestSuiteExecutor.java:81)
	at com.kms.katalon.core.main.TestCaseMain.startTestSuite(TestCaseMain.java:157)
	at com.kms.katalon.core.main.TestCaseMain$startTestSuite$0.call(Unknown Source)
	at TempTestSuite1553031519664.run(TempTestSuite1553031519664.groovy:35)]]></system-out>
      <system-err><![CDATA[2019-03-19 14:38:41 - [TEST_SUITE][FAILED] - Templates: Test Cases/Products/TemplateApp/Templates/Email/English/EditContactAutoPausedTemplate FAILED.
Reason:
com.kms.katalon.core.exception.StepFailedException: Verify element text of test object 'Object Repository/Products/TemplateApp/Templates/Common/VerifyCommitMessageField' FAILED.
	at com.kms.katalon.core.keyword.internal.KeywordMain.stepFailed(KeywordMain.groovy:48)
	at com.kms.katalon.core.webui.keyword.internal.WebUIKeywordMain.stepFailed(WebUIKeywordMain.groovy:65)
	at com.kms.katalon.core.webui.keyword.internal.WebUIKeywordMain.runKeyword(WebUIKeywordMain.groovy:27)
	at com.kms.katalon.core.webui.keyword.builtin.VerifyElementTextKeyword.verifyElementText(VerifyElementTextKeyword.groovy:72)
	at com.kms.katalon.core.webui.keyword.builtin.VerifyElementTextKeyword.execute(VerifyElementTextKeyword.groovy:40)
	at com.kms.katalon.core.keyword.internal.KeywordExecutor.executeKeywordForPlatform(KeywordExecutor.groovy:56)
	at com.kms.katalon.core.webui.keyword.WebUiBuiltInKeywords.verifyElementText(WebUiBuiltInKeywords.groovy:3663)
	at com.kms.katalon.core.webui.keyword.WebUiBuiltInKeywords$verifyElementText$6.call(Unknown Source)
	at EditContactAutoPausedTemplate.run(EditContactAutoPausedTemplate:81)
	at com.kms.katalon.core.main.ScriptEngine.run(ScriptEngine.java:194)
	at com.kms.katalon.core.main.ScriptEngine.runScriptAsRawText(ScriptEngine.java:119)
	at com.kms.katalon.core.main.TestCaseExecutor.runScript(TestCaseExecutor.java:331)
	at com.kms.katalon.core.main.TestCaseExecutor.doExecute(TestCaseExecutor.java:322)
	at com.kms.katalon.core.main.TestCaseExecutor.processExecutionPhase(TestCaseExecutor.java:301)
	at com.kms.katalon.core.main.TestCaseExecutor.accessMainPhase(TestCaseExecutor.java:293)
	at com.kms.katalon.core.main.TestCaseExecutor.execute(TestCaseExecutor.java:227)
	at com.kms.katalon.core.main.TestSuiteExecutor.accessTestCaseMainPhase(TestSuiteExecutor.java:129)
	at com.kms.katalon.core.main.TestSuiteExecutor.accessTestSuiteMainPhase(TestSuiteExecutor.java:112)
	at com.kms.katalon.core.main.TestSuiteExecutor.execute(TestSuiteExecutor.java:81)
	at com.kms.katalon.core.main.TestCaseMain.startTestSuite(TestCaseMain.java:157)
	at com.kms.katalon.core.main.TestCaseMain$startTestSuite$0.call(Unknown Source)
	at TempTestSuite1553031519664.run(TempTestSuite1553031519664.groovy:35)]]></system-err>
   </testsuite>
</testsuites>
